Log file open, 06/05/19 15:32:52
LogWindows: Failed to load 'aqProf.dll' (GetLastError=126)
LogWindows: File 'aqProf.dll' does not exist
LogWindows: Failed to load 'VtuneApi.dll' (GetLastError=126)
LogWindows: File 'VtuneApi.dll' does not exist
LogWindows: Failed to load 'VtuneApi32e.dll' (GetLastError=126)
LogWindows: File 'VtuneApi32e.dll' does not exist
LogConsoleResponse: Display: Failed to find resolution value strings in scalability ini. Falling back to default.
LogInit: Display: Running engine for game: TempleRunner
LogPakFile: Registered encryption key '00000000000000000000000000000000': 0 pak files mounted, 0 remain pending
LogPlatformFile: Not using cached read wrapper
LogTaskGraph: Started task graph with 5 named threads and 14 total threads with 3 sets of task threads.
LogStats: Stats thread started at 0.215842
LogD3D11RHI: Loaded GFSDK_Aftermath_Lib.x64.dll
LogICUInternationalization: ICU TimeZone Detection - Raw Offset: +1:00, Platform Override: ''
LogPluginManager: Mounting plugin Paper2D
LogPluginManager: Mounting plugin AISupport
LogPluginManager: Mounting plugin LightPropagationVolume
LogPluginManager: Mounting plugin ActorLayerUtilities
LogPluginManager: Mounting plugin AnimationSharing
LogPluginManager: Mounting plugin CLionSourceCodeAccess
LogPluginManager: Mounting plugin CodeLiteSourceCodeAccess
LogPluginManager: Mounting plugin GitSourceControl
LogPluginManager: Mounting plugin KDevelopSourceCodeAccess
LogPluginManager: Mounting plugin NullSourceCodeAccess
LogPluginManager: Mounting plugin PerforceSourceControl
LogPluginManager: Mounting plugin SubversionSourceControl
LogPluginManager: Mounting plugin UObjectPlugin
LogPluginManager: Mounting plugin VisualStudioCodeSourceCodeAccess
LogPluginManager: Mounting plugin VisualStudioSourceCodeAccess
LogPluginManager: Mounting plugin XCodeSourceCodeAccess
LogPluginManager: Mounting plugin AssetManagerEditor
LogPluginManager: Mounting plugin CryptoKeys
LogPluginManager: Mounting plugin DataValidation
LogPluginManager: Mounting plugin EditorScriptingUtilities
LogPluginManager: Mounting plugin FacialAnimation
LogPluginManager: Mounting plugin GameplayTagsEditor
LogPluginManager: Mounting plugin GLTFImporter
LogPluginManager: Mounting plugin MacGraphicsSwitching
LogPluginManager: Mounting plugin MaterialAnalyzer
LogPluginManager: Mounting plugin MeshEditor
LogPluginManager: Mounting plugin MobileLauncherProfileWizard
LogPluginManager: Mounting plugin PluginBrowser
LogPluginManager: Mounting plugin SpeedTreeImporter
LogPluginManager: Mounting plugin DatasmithContent
LogPluginManager: Mounting plugin VariantManagerContent
LogPluginManager: Mounting plugin AlembicImporter
LogPluginManager: Mounting plugin AppleImageUtils
LogPluginManager: Mounting plugin AppleVision
LogPluginManager: Mounting plugin BackChannel
LogPluginManager: Mounting plugin BlastPlugin
LogPluginManager: Mounting plugin ChaosSolverPlugin
LogPluginManager: Mounting plugin CharacterAI
LogPluginManager: Mounting plugin GeometryCache
LogPluginManager: Mounting plugin GeometryCollectionPlugin
LogPluginManager: Mounting plugin HTML5Networking
LogPluginManager: Mounting plugin ProxyLODPlugin
LogPluginManager: Mounting plugin SkeletalReduction
LogPluginManager: Mounting plugin MagicLeap
LogPluginManager: Mounting plugin MagicLeapMedia
LogPluginManager: Mounting plugin AndroidMedia
LogPluginManager: Mounting plugin AvfMedia
LogPluginManager: Mounting plugin ImgMedia
LogPluginManager: Mounting plugin LinearTimecode
LogPluginManager: Mounting plugin MediaCompositing
LogPluginManager: Mounting plugin MediaPlayerEditor
LogPluginManager: Mounting plugin WebMMedia
LogPluginManager: Mounting plugin WmfMedia
LogPluginManager: Mounting plugin TcpMessaging
LogPluginManager: Mounting plugin UdpMessaging
LogPluginManager: Mounting plugin ActorSequence
LogPluginManager: Mounting plugin LevelSequenceEditor
LogPluginManager: Mounting plugin MatineeToLevelSequence
LogPluginManager: Mounting plugin NetcodeUnitTest
LogPluginManager: Mounting plugin NUTUnrealEngine4
LogPluginManager: Mounting plugin OnlineSubsystemGooglePlay
LogPluginManager: Mounting plugin OnlineSubsystemIOS
LogPluginManager: Mounting plugin OnlineSubsystem
LogPluginManager: Mounting plugin OnlineSubsystemNull
LogPluginManager: Mounting plugin OnlineSubsystemUtils
LogPluginManager: Mounting plugin LauncherChunkInstaller
LogPluginManager: Mounting plugin AndroidDeviceProfileSelector
LogPluginManager: Mounting plugin AndroidMoviePlayer
LogPluginManager: Mounting plugin AndroidPermission
LogPluginManager: Mounting plugin AppleMoviePlayer
LogPluginManager: Mounting plugin ArchVisCharacter
LogPluginManager: Mounting plugin AudioCapture
LogPluginManager: Mounting plugin CableComponent
LogPluginManager: Mounting plugin CustomMeshComponent
LogPluginManager: Mounting plugin EditableMesh
LogPluginManager: Mounting plugin ExampleDeviceProfileSelector
LogPluginManager: Mounting plugin Firebase
LogPluginManager: Mounting plugin GoogleCloudMessaging
LogPluginManager: Mounting plugin IOSDeviceProfileSelector
LogPluginManager: Mounting plugin LinuxDeviceProfileSelector
LogPluginManager: Mounting plugin LocationServicesBPLibrary
LogPluginManager: Mounting plugin MobilePatchingUtils
LogPluginManager: Mounting plugin OculusVR
LogPluginManager: Mounting plugin PhysXVehicles
LogPluginManager: Mounting plugin ProceduralMeshComponent
LogPluginManager: Mounting plugin RuntimePhysXCooking
LogPluginManager: Mounting plugin SignificanceManager
LogPluginManager: Mounting plugin SteamVR
LogPluginManager: Mounting plugin WebMMoviePlayer
LogPluginManager: Mounting plugin WindowsMoviePlayer
LogPluginManager: Mounting plugin DatasmithCADImporter
LogPluginManager: Mounting plugin DatasmithDataPrepEditor
LogPluginManager: Mounting plugin DatasmithFBXImporter
LogPluginManager: Mounting plugin DatasmithGLTFImporter
LogPluginManager: Mounting plugin DatasmithImporter
LogPluginManager: Mounting plugin MDLImporter
LogPluginManager: Mounting plugin StaticMeshEditorExtension
LogPluginManager: Mounting plugin VariantManager
LogInit: Using libcurl 7.55.1-DEV
LogInit:  - built for x86_64-pc-win32
LogInit:  - supports SSL with OpenSSL/1.1.1
LogInit:  - supports HTTP deflate (compression) using libz 1.2.8
LogInit:  - other features:
LogInit:      CURL_VERSION_SSL
LogInit:      CURL_VERSION_LIBZ
LogInit:      CURL_VERSION_IPV6
LogInit:      CURL_VERSION_ASYNCHDNS
LogInit:      CURL_VERSION_LARGEFILE
LogInit:      CURL_VERSION_IDN
LogInit:  CurlRequestOptions (configurable via config and command line):
LogInit:  - bVerifyPeer = true  - Libcurl will verify peer certificate
LogInit:  - bUseHttpProxy = false  - Libcurl will NOT use HTTP proxy
LogInit:  - bDontReuseConnections = false  - Libcurl will reuse connections
LogInit:  - MaxHostConnections = 16  - Libcurl will limit the number of connections to a host
LogInit:  - LocalHostAddr = Default
LogInit:  - BufferSize = 65536
LogInit: WinSock: version 1.1 (2.2), MaxSocks=32767, MaxUdp=65467
LogInit: Build: ++UE4+Release-4.22-CL-6574378
LogInit: Engine Version: 4.22.2-6574378+++UE4+Release-4.22
LogInit: Compatible Engine Version: 4.22.0-5660361+++UE4+Release-4.22
LogInit: Net CL: 5660361
LogInit: OS: Windows 10 (Release 1803) (), CPU: Intel(R) Core(TM) i5-7400 CPU @ 3.00GHz, GPU: Radeon (TM) RX 480 Graphics
LogInit: Compiled (64-bit): May 20 2019 09:54:56
LogInit: Compiled with Visual C++: 19.16.27025.01
LogInit: Build Configuration: Development
LogInit: Branch Name: ++UE4+Release-4.22
LogInit: Command Line: 
LogInit: Base Directory: C:/Unreal Engine/UE_4.22/Engine/Binaries/Win64/
LogInit: Installed Engine Build: 1
LogDevObjectVersion: Number of dev versions registered: 23
LogDevObjectVersion:   Dev-Blueprints (B0D832E4-1F89-4F0D-ACCF-7EB736FD4AA2): 10
LogDevObjectVersion:   Dev-Build (E1C64328-A22C-4D53-A36C-8E866417BD8C): 0
LogDevObjectVersion:   Dev-Core (375EC13C-06E4-48FB-B500-84F0262A717E): 3
LogDevObjectVersion:   Dev-Editor (E4B068ED-F494-42E9-A231-DA0B2E46BB41): 30
LogDevObjectVersion:   Dev-Framework (CFFC743F-43B0-4480-9391-14DF171D2073): 35
LogDevObjectVersion:   Dev-Mobile (B02B49B5-BB20-44E9-A304-32B752E40360): 2
LogDevObjectVersion:   Dev-Networking (A4E4105C-59A1-49B5-A7C5-40C4547EDFEE): 0
LogDevObjectVersion:   Dev-Online (39C831C9-5AE6-47DC-9A44-9C173E1C8E7C): 0
LogDevObjectVersion:   Dev-Physics (78F01B33-EBEA-4F98-B9B4-84EACCB95AA2): 0
LogDevObjectVersion:   Dev-Platform (6631380F-2D4D-43E0-8009-CF276956A95A): 0
LogDevObjectVersion:   Dev-Rendering (12F88B9F-8875-4AFC-A67C-D90C383ABD29): 28
LogDevObjectVersion:   Dev-Sequencer (7B5AE74C-D270-4C10-A958-57980B212A5A): 11
LogDevObjectVersion:   Dev-VR (D7296918-1DD6-4BDD-9DE2-64A83CC13884): 2
LogDevObjectVersion:   Dev-LoadTimes (C2A15278-BFE7-4AFE-6C17-90FF531DF755): 1
LogDevObjectVersion:   Private-Geometry (6EACA3D4-40EC-4CC1-B786-8BED09428FC5): 3
LogDevObjectVersion:   Dev-AnimPhys (29E575DD-E0A3-4627-9D10-D276232CDCEA): 17
LogDevObjectVersion:   Dev-Anim (AF43A65D-7FD3-4947-9873-3E8ED9C1BB05): 2
LogDevObjectVersion:   Dev-ReflectionCapture (6B266CEC-1EC7-4B8F-A30B-E4D90942FC07): 1
LogDevObjectVersion:   Dev-Automation (0DF73D61-A23F-47EA-B727-89E90C41499A): 1
LogDevObjectVersion:   FortniteMain (601D1886-AC64-4F84-AA16-D3DE0DEAC7D6): 25
LogDevObjectVersion:   Dev-Enterprise (9DFFBCD6-494F-0158-E221-12823C92A888): 6
LogDevObjectVersion:   Dev-Niagara (F2AED0AC-9AFE-416F-8664-AA7FFA26D6FC): 1
LogDevObjectVersion:   Dev-Destruction (174F1F0B-B4C6-45A5-B13F-2EE8D0FB917D): 2
LogInit: Presizing for max 16777216 objects, including 0 objects not considered by GC, pre-allocating 0 bytes for permanent pool.
LogInit: Object subsystem initialized
LogConfig: Setting CVar [[con.DebugEarlyDefault:1]]
LogConfig: Setting CVar [[r.setres:1280x720]]
[2019.06.05-13.32.52:692][  0]LogConfig: Setting CVar [[r.VSync:0]]
[2019.06.05-13.32.52:692][  0]LogConfig: Setting CVar [[r.RHICmdBypass:0]]
[2019.06.05-13.32.52:692][  0]LogConfig: Applying CVar settings from Section [/Script/Engine.RendererSettings] File [I:/aaa - pulpit/projekty/Programowanie/C++ gamedev/polygon/Polygon-lato2019-projekt/TempleRunner/Saved/Config/Windows/Engine.ini]
[2019.06.05-13.32.52:692][  0]LogConfig: Setting CVar [[r.GPUCrashDebugging:0]]
[2019.06.05-13.32.52:692][  0]LogConfig: Applying CVar settings from Section [/Script/Engine.RendererOverrideSettings] File [I:/aaa - pulpit/projekty/Programowanie/C++ gamedev/polygon/Polygon-lato2019-projekt/TempleRunner/Saved/Config/Windows/Engine.ini]
[2019.06.05-13.32.52:692][  0]LogConfig: Applying CVar settings from Section [/Script/Engine.StreamingSettings] File [I:/aaa - pulpit/projekty/Programowanie/C++ gamedev/polygon/Polygon-lato2019-projekt/TempleRunner/Saved/Config/Windows/Engine.ini]
[2019.06.05-13.32.52:692][  0]LogConfig: Setting CVar [[s.MinBulkDataSizeForAsyncLoading:131072]]
[2019.06.05-13.32.52:692][  0]LogConfig: Setting CVar [[s.AsyncLoadingThreadEnabled:0]]
[2019.06.05-13.32.52:692][  0]LogConfig: Setting CVar [[s.EventDrivenLoaderEnabled:1]]
[2019.06.05-13.32.52:692][  0]LogConfig: Setting CVar [[s.WarnIfTimeLimitExceeded:0]]
[2019.06.05-13.32.52:692][  0]LogConfig: Setting CVar [[s.TimeLimitExceededMultiplier:1.5]]
[2019.06.05-13.32.52:692][  0]LogConfig: Setting CVar [[s.TimeLimitExceededMinTime:0.005]]
[2019.06.05-13.32.52:692][  0]LogConfig: Setting CVar [[s.UseBackgroundLevelStreaming:1]]
[2019.06.05-13.32.52:692][  0]LogConfig: Setting CVar [[s.PriorityAsyncLoadingExtraTime:15.0]]
[2019.06.05-13.32.52:692][  0]LogConfig: Setting CVar [[s.LevelStreamingActorsUpdateTimeLimit:5.0]]
[2019.06.05-13.32.52:692][  0]LogConfig: Setting CVar [[s.PriorityLevelStreamingActorsUpdateExtraTime:5.0]]
[2019.06.05-13.32.52:692][  0]LogConfig: Setting CVar [[s.LevelStreamingComponentsRegistrationGranularity:10]]
[2019.06.05-13.32.52:692][  0]LogConfig: Setting CVar [[s.UnregisterComponentsTimeLimit:1.0]]
[2019.06.05-13.32.52:692][  0]LogConfig: Setting CVar [[s.LevelStreamingComponentsUnregistrationGranularity:5]]
[2019.06.05-13.32.52:692][  0]LogConfig: Applying CVar settings from Section [/Script/Engine.GarbageCollectionSettings] File [I:/aaa - pulpit/projekty/Programowanie/C++ gamedev/polygon/Polygon-lato2019-projekt/TempleRunner/Saved/Config/Windows/Engine.ini]
[2019.06.05-13.32.52:692][  0]LogConfig: Setting CVar [[gc.MaxObjectsNotConsideredByGC:1]]
[2019.06.05-13.32.52:692][  0]LogConfig: Setting CVar [[gc.SizeOfPermanentObjectPool:0]]
[2019.06.05-13.32.52:692][  0]LogConfig: Setting CVar [[gc.FlushStreamingOnGC:0]]
[2019.06.05-13.32.52:692][  0]LogConfig: Setting CVar [[gc.NumRetriesBeforeForcingGC:10]]
[2019.06.05-13.32.52:692][  0]LogConfig: Setting CVar [[gc.AllowParallelGC:1]]
[2019.06.05-13.32.52:692][  0]LogConfig: Setting CVar [[gc.TimeBetweenPurgingPendingKillObjects:61.1]]
[2019.06.05-13.32.52:692][  0]LogConfig: Setting CVar [[gc.MaxObjectsInEditor:16777216]]
[2019.06.05-13.32.52:692][  0]LogConfig: Setting CVar [[gc.IncrementalBeginDestroyEnabled:1]]
[2019.06.05-13.32.52:692][  0]LogConfig: Setting CVar [[gc.CreateGCClusters:1]]
[2019.06.05-13.32.52:692][  0]LogConfig: Setting CVar [[gc.MinGCClusterSize:5]]
[2019.06.05-13.32.52:692][  0]LogConfig: Setting CVar [[gc.ActorClusteringEnabled:0]]
[2019.06.05-13.32.52:692][  0]LogConfig: Setting CVar [[gc.BlueprintClusteringEnabled:0]]
[2019.06.05-13.32.52:692][  0]LogConfig: Setting CVar [[gc.UseDisregardForGCOnDedicatedServers:0]]
[2019.06.05-13.32.52:692][  0]LogConfig: Applying CVar settings from Section [/Script/Engine.NetworkSettings] File [I:/aaa - pulpit/projekty/Programowanie/C++ gamedev/polygon/Polygon-lato2019-projekt/TempleRunner/Saved/Config/Windows/Engine.ini]
[2019.06.05-13.32.52:692][  0]LogConfig: Applying CVar settings from Section [/Script/UnrealEd.CookerSettings] File [I:/aaa - pulpit/projekty/Programowanie/C++ gamedev/polygon/Polygon-lato2019-projekt/TempleRunner/Saved/Config/Windows/Engine.ini]
[2019.06.05-13.32.52:697][  0]LogConfig: Applying CVar settings from Section [ViewDistanceQuality@3] File [I:/aaa - pulpit/projekty/Programowanie/C++ gamedev/polygon/Polygon-lato2019-projekt/TempleRunner/Saved/Config/Windows/Scalability.ini]
[2019.06.05-13.32.52:697][  0]LogConfig: Setting CVar [[r.SkeletalMeshLODBias:0]]
[2019.06.05-13.32.52:697][  0]LogConfig: Setting CVar [[r.ViewDistanceScale:1.0]]
[2019.06.05-13.32.52:697][  0]LogConfig: Applying CVar settings from Section [AntiAliasingQuality@3] File [I:/aaa - pulpit/projekty/Programowanie/C++ gamedev/polygon/Polygon-lato2019-projekt/TempleRunner/Saved/Config/Windows/Scalability.ini]
[2019.06.05-13.32.52:697][  0]LogConfig: Setting CVar [[r.PostProcessAAQuality:4]]
[2019.06.05-13.32.52:697][  0]LogConfig: Applying CVar settings from Section [ShadowQuality@3] File [I:/aaa - pulpit/projekty/Programowanie/C++ gamedev/polygon/Polygon-lato2019-projekt/TempleRunner/Saved/Config/Windows/Scalability.ini]
[2019.06.05-13.32.52:697][  0]LogConfig: Setting CVar [[r.LightFunctionQuality:1]]
[2019.06.05-13.32.52:697][  0]LogConfig: Setting CVar [[r.ShadowQuality:5]]
[2019.06.05-13.32.52:697][  0]LogConfig: Setting CVar [[r.Shadow.CSM.MaxCascades:10]]
[2019.06.05-13.32.52:697][  0]LogConfig: Setting CVar [[r.Shadow.MaxResolution:2048]]
[2019.06.05-13.32.52:697][  0]LogConfig: Setting CVar [[r.Shadow.MaxCSMResolution:2048]]
[2019.06.05-13.32.52:697][  0]LogConfig: Setting CVar [[r.Shadow.RadiusThreshold:0.01]]
[2019.06.05-13.32.52:697][  0]LogConfig: Setting CVar [[r.Shadow.DistanceScale:1.0]]
[2019.06.05-13.32.52:697][  0]LogConfig: Setting CVar [[r.Shadow.CSM.TransitionScale:1.0]]
[2019.06.05-13.32.52:697][  0]LogConfig: Setting CVar [[r.Shadow.PreShadowResolutionFactor:1.0]]
[2019.06.05-13.32.52:697][  0]LogConfig: Setting CVar [[r.DistanceFieldShadowing:1]]
[2019.06.05-13.32.52:697][  0]LogConfig: Setting CVar [[r.DistanceFieldAO:1]]
[2019.06.05-13.32.52:697][  0]LogConfig: Setting CVar [[r.AOQuality:2]]
[2019.06.05-13.32.52:697][  0]LogConfig: Setting CVar [[r.VolumetricFog:1]]
[2019.06.05-13.32.52:697][  0]LogConfig: Setting CVar [[r.VolumetricFog.GridPixelSize:8]]
[2019.06.05-13.32.52:697][  0]LogConfig: Setting CVar [[r.VolumetricFog.GridSizeZ:128]]
[2019.06.05-13.32.52:697][  0]LogConfig: Setting CVar [[r.VolumetricFog.HistoryMissSupersampleCount:4]]
[2019.06.05-13.32.52:697][  0]LogConfig: Setting CVar [[r.LightMaxDrawDistanceScale:1]]
[2019.06.05-13.32.52:697][  0]LogConfig: Setting CVar [[r.CapsuleShadows:1]]
[2019.06.05-13.32.52:697][  0]LogConfig: Applying CVar settings from Section [PostProcessQuality@3] File [I:/aaa - pulpit/projekty/Programowanie/C++ gamedev/polygon/Polygon-lato2019-projekt/TempleRunner/Saved/Config/Windows/Scalability.ini]
[2019.06.05-13.32.52:697][  0]LogConfig: Setting CVar [[r.MotionBlurQuality:4]]
[2019.06.05-13.32.52:697][  0]LogConfig: Setting CVar [[r.AmbientOcclusionMipLevelFactor:0.4]]
[2019.06.05-13.32.52:697][  0]LogConfig: Setting CVar [[r.AmbientOcclusionMaxQuality:100]]
[2019.06.05-13.32.52:697][  0]LogConfig: Setting CVar [[r.AmbientOcclusionLevels:-1]]
[2019.06.05-13.32.52:697][  0]LogConfig: Setting CVar [[r.AmbientOcclusionRadiusScale:1.0]]
[2019.06.05-13.32.52:697][  0]LogConfig: Setting CVar [[r.DepthOfFieldQuality:2]]
[2019.06.05-13.32.52:697][  0]LogConfig: Setting CVar [[r.RenderTargetPoolMin:400]]
[2019.06.05-13.32.52:697][  0]LogConfig: Setting CVar [[r.LensFlareQuality:2]]
[2019.06.05-13.32.52:697][  0]LogConfig: Setting CVar [[r.SceneColorFringeQuality:1]]
[2019.06.05-13.32.52:697][  0]LogConfig: Setting CVar [[r.EyeAdaptationQuality:2]]
[2019.06.05-13.32.52:697][  0]LogConfig: Setting CVar [[r.BloomQuality:5]]
[2019.06.05-13.32.52:697][  0]LogConfig: Setting CVar [[r.FastBlurThreshold:100]]
[2019.06.05-13.32.52:697][  0]LogConfig: Setting CVar [[r.Upscale.Quality:3]]
[2019.06.05-13.32.52:697][  0]LogConfig: Setting CVar [[r.Tonemapper.GrainQuantization:1]]
[2019.06.05-13.32.52:697][  0]LogConfig: Setting CVar [[r.LightShaftQuality:1]]
[2019.06.05-13.32.52:698][  0]LogConfig: Setting CVar [[r.Filter.SizeScale:1]]
[2019.06.05-13.32.52:698][  0]LogConfig: Setting CVar [[r.Tonemapper.Quality:5]]
[2019.06.05-13.32.52:698][  0]LogConfig: Setting CVar [[r.DOF.Gather.AccumulatorQuality:1        ; higher gathering accumulator quality]]
[2019.06.05-13.32.52:698][  0]LogConfig: Setting CVar [[r.DOF.Gather.PostfilterMethod:1          ; Median3x3 postfilering method]]
[2019.06.05-13.32.52:698][  0]LogConfig: Setting CVar [[r.DOF.Gather.EnableBokehSettings:0       ; no bokeh simulation when gathering]]
[2019.06.05-13.32.52:698][  0]LogConfig: Setting CVar [[r.DOF.Gather.RingCount:4                 ; medium number of samples when gathering]]
[2019.06.05-13.32.52:698][  0]LogConfig: Setting CVar [[r.DOF.Scatter.ForegroundCompositing:1    ; additive foreground scattering]]
[2019.06.05-13.32.52:698][  0]LogConfig: Setting CVar [[r.DOF.Scatter.BackgroundCompositing:2    ; additive background scattering]]
[2019.06.05-13.32.52:698][  0]LogConfig: Setting CVar [[r.DOF.Scatter.EnableBokehSettings:1      ; bokeh simulation when scattering]]
[2019.06.05-13.32.52:698][  0]LogConfig: Setting CVar [[r.DOF.Scatter.MaxSpriteRatio:0.1         ; only a maximum of 10% of scattered bokeh]]
[2019.06.05-13.32.52:698][  0]LogConfig: Setting CVar [[r.DOF.Recombine.Quality:1                ; cheap slight out of focus]]
[2019.06.05-13.32.52:698][  0]LogConfig: Setting CVar [[r.DOF.Recombine.EnableBokehSettings:0    ; no bokeh simulation on slight out of focus]]
[2019.06.05-13.32.52:698][  0]LogConfig: Setting CVar [[r.DOF.TemporalAAQuality:1                ; more stable temporal accumulation]]
[2019.06.05-13.32.52:698][  0]LogConfig: Setting CVar [[r.DOF.Kernel.MaxForegroundRadius:0.025]]
[2019.06.05-13.32.52:698][  0]LogConfig: Setting CVar [[r.DOF.Kernel.MaxBackgroundRadius:0.025]]
[2019.06.05-13.32.52:698][  0]LogConfig: Applying CVar settings from Section [TextureQuality@3] File [I:/aaa - pulpit/projekty/Programowanie/C++ gamedev/polygon/Polygon-lato2019-projekt/TempleRunner/Saved/Config/Windows/Scalability.ini]
[2019.06.05-13.32.52:698][  0]LogConfig: Setting CVar [[r.Streaming.MipBias:0]]
[2019.06.05-13.32.52:698][  0]LogConfig: Setting CVar [[r.Streaming.AmortizeCPUToGPUCopy:0]]
[2019.06.05-13.32.52:698][  0]LogConfig: Setting CVar [[r.Streaming.MaxNumTexturesToStreamPerFrame:0]]
[2019.06.05-13.32.52:698][  0]LogConfig: Setting CVar [[r.Streaming.Boost:1]]
[2019.06.05-13.32.52:698][  0]LogConfig: Setting CVar [[r.MaxAnisotropy:8]]
[2019.06.05-13.32.52:698][  0]LogConfig: Setting CVar [[r.Streaming.LimitPoolSizeToVRAM:0]]
[2019.06.05-13.32.52:698][  0]LogConfig: Setting CVar [[r.Streaming.PoolSize:1000]]
[2019.06.05-13.32.52:698][  0]LogConfig: Setting CVar [[r.Streaming.MaxEffectiveScreenSize:0]]
[2019.06.05-13.32.52:698][  0]LogConfig: Applying CVar settings from Section [EffectsQuality@3] File [I:/aaa - pulpit/projekty/Programowanie/C++ gamedev/polygon/Polygon-lato2019-projekt/TempleRunner/Saved/Config/Windows/Scalability.ini]
[2019.06.05-13.32.52:698][  0]LogConfig: Setting CVar [[r.TranslucencyLightingVolumeDim:64]]
[2019.06.05-13.32.52:698][  0]LogConfig: Setting CVar [[r.RefractionQuality:2]]
[2019.06.05-13.32.52:698][  0]LogConfig: Setting CVar [[r.SSR.Quality:3]]
[2019.06.05-13.32.52:698][  0]LogConfig: Setting CVar [[r.SceneColorFormat:4]]
[2019.06.05-13.32.52:698][  0]LogConfig: Setting CVar [[r.DetailMode:2]]
[2019.06.05-13.32.52:698][  0]LogConfig: Setting CVar [[r.TranslucencyVolumeBlur:1]]
[2019.06.05-13.32.52:698][  0]LogConfig: Setting CVar [[r.MaterialQualityLevel:1 ; High quality]]
[2019.06.05-13.32.52:698][  0]LogConfig: Setting CVar [[r.SSS.Scale:1]]
[2019.06.05-13.32.52:698][  0]LogConfig: Setting CVar [[r.SSS.SampleSet:2]]
[2019.06.05-13.32.52:698][  0]LogConfig: Setting CVar [[r.SSS.Quality:1]]
[2019.06.05-13.32.52:698][  0]LogConfig: Setting CVar [[r.SSS.HalfRes:1]]
[2019.06.05-13.32.52:698][  0]LogConfig: Setting CVar [[r.EmitterSpawnRateScale:1.0]]
[2019.06.05-13.32.52:698][  0]LogConfig: Setting CVar [[r.ParticleLightQuality:2]]
[2019.06.05-13.32.52:698][  0]LogConfig: Applying CVar settings from Section [FoliageQuality@3] File [I:/aaa - pulpit/projekty/Programowanie/C++ gamedev/polygon/Polygon-lato2019-projekt/TempleRunner/Saved/Config/Windows/Scalability.ini]
[2019.06.05-13.32.52:698][  0]LogConfig: Setting CVar [[foliage.DensityScale:1.0]]
[2019.06.05-13.32.52:698][  0]LogConfig: Setting CVar [[grass.DensityScale:1.0]]
[2019.06.05-13.32.52:698][  0]LogInit: Selected Device Profile: [Windows]
[2019.06.05-13.32.52:698][  0]LogInit: Applying CVar settings loaded from the selected device profile: [Windows]
[2019.06.05-13.32.52:707][  0]LogHAL: Display: Platform has ~ 16 GB [17141874688 / 17179869184 / 16], which maps to Larger [LargestMinGB=32, LargerMinGB=12, DefaultMinGB=8, SmallerMinGB=6, SmallestMinGB=0)
[2019.06.05-13.32.52:707][  0]LogConfig: Setting CVar [[r.Vulkan.UseRealUBs:0		; Required until we fix HLR fall-out]]
[2019.06.05-13.32.52:707][  0]LogInit: Going up to parent DeviceProfile []
[2019.06.05-13.32.52:707][  0]LogConfig: Applying CVar settings from Section [ViewDistanceQuality@3] File [I:/aaa - pulpit/projekty/Programowanie/C++ gamedev/polygon/Polygon-lato2019-projekt/TempleRunner/Saved/Config/Windows/Scalability.ini]
[2019.06.05-13.32.52:707][  0]LogConfig: Setting CVar [[r.SkeletalMeshLODBias:0]]
[2019.06.05-13.32.52:707][  0]LogConfig: Setting CVar [[r.ViewDistanceScale:1.0]]
[2019.06.05-13.32.52:707][  0]LogConfig: Applying CVar settings from Section [AntiAliasingQuality@3] File [I:/aaa - pulpit/projekty/Programowanie/C++ gamedev/polygon/Polygon-lato2019-projekt/TempleRunner/Saved/Config/Windows/Scalability.ini]
[2019.06.05-13.32.52:707][  0]LogConfig: Setting CVar [[r.PostProcessAAQuality:4]]
[2019.06.05-13.32.52:707][  0]LogConfig: Applying CVar settings from Section [ShadowQuality@3] File [I:/aaa - pulpit/projekty/Programowanie/C++ gamedev/polygon/Polygon-lato2019-projekt/TempleRunner/Saved/Config/Windows/Scalability.ini]
[2019.06.05-13.32.52:707][  0]LogConfig: Setting CVar [[r.LightFunctionQuality:1]]
[2019.06.05-13.32.52:707][  0]LogConfig: Setting CVar [[r.ShadowQuality:5]]
[2019.06.05-13.32.52:707][  0]LogConfig: Setting CVar [[r.Shadow.CSM.MaxCascades:10]]
[2019.06.05-13.32.52:707][  0]LogConfig: Setting CVar [[r.Shadow.MaxResolution:2048]]
[2019.06.05-13.32.52:707][  0]LogConfig: Setting CVar [[r.Shadow.MaxCSMResolution:2048]]
[2019.06.05-13.32.52:707][  0]LogConfig: Setting CVar [[r.Shadow.RadiusThreshold:0.01]]
[2019.06.05-13.32.52:707][  0]LogConfig: Setting CVar [[r.Shadow.DistanceScale:1.0]]
[2019.06.05-13.32.52:707][  0]LogConfig: Setting CVar [[r.Shadow.CSM.TransitionScale:1.0]]
[2019.06.05-13.32.52:707][  0]LogConfig: Setting CVar [[r.Shadow.PreShadowResolutionFactor:1.0]]
[2019.06.05-13.32.52:707][  0]LogConfig: Setting CVar [[r.DistanceFieldShadowing:1]]
[2019.06.05-13.32.52:707][  0]LogConfig: Setting CVar [[r.DistanceFieldAO:1]]
[2019.06.05-13.32.52:707][  0]LogConfig: Setting CVar [[r.AOQuality:2]]
[2019.06.05-13.32.52:707][  0]LogConfig: Setting CVar [[r.VolumetricFog:1]]
[2019.06.05-13.32.52:707][  0]LogConfig: Setting CVar [[r.VolumetricFog.GridPixelSize:8]]
[2019.06.05-13.32.52:707][  0]LogConfig: Setting CVar [[r.VolumetricFog.GridSizeZ:128]]
[2019.06.05-13.32.52:707][  0]LogConfig: Setting CVar [[r.VolumetricFog.HistoryMissSupersampleCount:4]]
[2019.06.05-13.32.52:707][  0]LogConfig: Setting CVar [[r.LightMaxDrawDistanceScale:1]]
[2019.06.05-13.32.52:707][  0]LogConfig: Setting CVar [[r.CapsuleShadows:1]]
[2019.06.05-13.32.52:707][  0]LogConfig: Applying CVar settings from Section [PostProcessQuality@3] File [I:/aaa - pulpit/projekty/Programowanie/C++ gamedev/polygon/Polygon-lato2019-projekt/TempleRunner/Saved/Config/Windows/Scalability.ini]
[2019.06.05-13.32.52:707][  0]LogConfig: Setting CVar [[r.MotionBlurQuality:4]]
[2019.06.05-13.32.52:707][  0]LogConfig: Setting CVar [[r.AmbientOcclusionMipLevelFactor:0.4]]
[2019.06.05-13.32.52:707][  0]LogConfig: Setting CVar [[r.AmbientOcclusionMaxQuality:100]]
[2019.06.05-13.32.52:707][  0]LogConfig: Setting CVar [[r.AmbientOcclusionLevels:-1]]
[2019.06.05-13.32.52:707][  0]LogConfig: Setting CVar [[r.AmbientOcclusionRadiusScale:1.0]]
[2019.06.05-13.32.52:707][  0]LogConfig: Setting CVar [[r.DepthOfFieldQuality:2]]
[2019.06.05-13.32.52:707][  0]LogConfig: Setting CVar [[r.RenderTargetPoolMin:400]]
[2019.06.05-13.32.52:707][  0]LogConfig: Setting CVar [[r.LensFlareQuality:2]]
[2019.06.05-13.32.52:707][  0]LogConfig: Setting CVar [[r.SceneColorFringeQuality:1]]
[2019.06.05-13.32.52:707][  0]LogConfig: Setting CVar [[r.EyeAdaptationQuality:2]]
[2019.06.05-13.32.52:707][  0]LogConfig: Setting CVar [[r.BloomQuality:5]]
[2019.06.05-13.32.52:707][  0]LogConfig: Setting CVar [[r.FastBlurThreshold:100]]
[2019.06.05-13.32.52:707][  0]LogConfig: Setting CVar [[r.Upscale.Quality:3]]
[2019.06.05-13.32.52:707][  0]LogConfig: Setting CVar [[r.Tonemapper.GrainQuantization:1]]
[2019.06.05-13.32.52:708][  0]LogConfig: Setting CVar [[r.LightShaftQuality:1]]
[2019.06.05-13.32.52:708][  0]LogConfig: Setting CVar [[r.Filter.SizeScale:1]]
[2019.06.05-13.32.52:708][  0]LogConfig: Setting CVar [[r.Tonemapper.Quality:5]]
[2019.06.05-13.32.52:708][  0]LogConfig: Setting CVar [[r.DOF.Gather.AccumulatorQuality:1        ; higher gathering accumulator quality]]
[2019.06.05-13.32.52:708][  0]LogConfig: Setting CVar [[r.DOF.Gather.PostfilterMethod:1          ; Median3x3 postfilering method]]
[2019.06.05-13.32.52:708][  0]LogConfig: Setting CVar [[r.DOF.Gather.EnableBokehSettings:0       ; no bokeh simulation when gathering]]
[2019.06.05-13.32.52:708][  0]LogConfig: Setting CVar [[r.DOF.Gather.RingCount:4                 ; medium number of samples when gathering]]
[2019.06.05-13.32.52:708][  0]LogConfig: Setting CVar [[r.DOF.Scatter.ForegroundCompositing:1    ; additive foreground scattering]]
[2019.06.05-13.32.52:708][  0]LogConfig: Setting CVar [[r.DOF.Scatter.BackgroundCompositing:2    ; additive background scattering]]
[2019.06.05-13.32.52:708][  0]LogConfig: Setting CVar [[r.DOF.Scatter.EnableBokehSettings:1      ; bokeh simulation when scattering]]
[2019.06.05-13.32.52:708][  0]LogConfig: Setting CVar [[r.DOF.Scatter.MaxSpriteRatio:0.1         ; only a maximum of 10% of scattered bokeh]]
[2019.06.05-13.32.52:708][  0]LogConfig: Setting CVar [[r.DOF.Recombine.Quality:1                ; cheap slight out of focus]]
[2019.06.05-13.32.52:708][  0]LogConfig: Setting CVar [[r.DOF.Recombine.EnableBokehSettings:0    ; no bokeh simulation on slight out of focus]]
[2019.06.05-13.32.52:708][  0]LogConfig: Setting CVar [[r.DOF.TemporalAAQuality:1                ; more stable temporal accumulation]]
[2019.06.05-13.32.52:708][  0]LogConfig: Setting CVar [[r.DOF.Kernel.MaxForegroundRadius:0.025]]
[2019.06.05-13.32.52:708][  0]LogConfig: Setting CVar [[r.DOF.Kernel.MaxBackgroundRadius:0.025]]
[2019.06.05-13.32.52:708][  0]LogConfig: Applying CVar settings from Section [TextureQuality@3] File [I:/aaa - pulpit/projekty/Programowanie/C++ gamedev/polygon/Polygon-lato2019-projekt/TempleRunner/Saved/Config/Windows/Scalability.ini]
[2019.06.05-13.32.52:708][  0]LogConfig: Setting CVar [[r.Streaming.MipBias:0]]
[2019.06.05-13.32.52:708][  0]LogConfig: Setting CVar [[r.Streaming.AmortizeCPUToGPUCopy:0]]
[2019.06.05-13.32.52:708][  0]LogConfig: Setting CVar [[r.Streaming.MaxNumTexturesToStreamPerFrame:0]]
[2019.06.05-13.32.52:708][  0]LogConfig: Setting CVar [[r.Streaming.Boost:1]]
[2019.06.05-13.32.52:708][  0]LogConfig: Setting CVar [[r.MaxAnisotropy:8]]
[2019.06.05-13.32.52:708][  0]LogConfig: Setting CVar [[r.Streaming.LimitPoolSizeToVRAM:0]]
[2019.06.05-13.32.52:708][  0]LogConfig: Setting CVar [[r.Streaming.PoolSize:1000]]
[2019.06.05-13.32.52:708][  0]LogConfig: Setting CVar [[r.Streaming.MaxEffectiveScreenSize:0]]
[2019.06.05-13.32.52:709][  0]LogConfig: Applying CVar settings from Section [EffectsQuality@3] File [I:/aaa - pulpit/projekty/Programowanie/C++ gamedev/polygon/Polygon-lato2019-projekt/TempleRunner/Saved/Config/Windows/Scalability.ini]
[2019.06.05-13.32.52:709][  0]LogConfig: Setting CVar [[r.TranslucencyLightingVolumeDim:64]]
[2019.06.05-13.32.52:709][  0]LogConfig: Setting CVar [[r.RefractionQuality:2]]
[2019.06.05-13.32.52:709][  0]LogConfig: Setting CVar [[r.SSR.Quality:3]]
[2019.06.05-13.32.52:709][  0]LogConfig: Setting CVar [[r.SceneColorFormat:4]]
[2019.06.05-13.32.52:709][  0]LogConfig: Setting CVar [[r.DetailMode:2]]
[2019.06.05-13.32.52:709][  0]LogConfig: Setting CVar [[r.TranslucencyVolumeBlur:1]]
[2019.06.05-13.32.52:709][  0]LogConfig: Setting CVar [[r.MaterialQualityLevel:1 ; High quality]]
[2019.06.05-13.32.52:709][  0]LogConfig: Setting CVar [[r.SSS.Scale:1]]
[2019.06.05-13.32.52:709][  0]LogConfig: Setting CVar [[r.SSS.SampleSet:2]]
[2019.06.05-13.32.52:709][  0]LogConfig: Setting CVar [[r.SSS.Quality:1]]
[2019.06.05-13.32.52:709][  0]LogConfig: Setting CVar [[r.SSS.HalfRes:1]]
[2019.06.05-13.32.52:709][  0]LogConfig: Setting CVar [[r.EmitterSpawnRateScale:1.0]]
[2019.06.05-13.32.52:709][  0]LogConfig: Setting CVar [[r.ParticleLightQuality:2]]
[2019.06.05-13.32.52:709][  0]LogConfig: Applying CVar settings from Section [FoliageQuality@3] File [I:/aaa - pulpit/projekty/Programowanie/C++ gamedev/polygon/Polygon-lato2019-projekt/TempleRunner/Saved/Config/Windows/Scalability.ini]
[2019.06.05-13.32.52:709][  0]LogConfig: Setting CVar [[foliage.DensityScale:1.0]]
[2019.06.05-13.32.52:709][  0]LogConfig: Setting CVar [[grass.DensityScale:1.0]]
[2019.06.05-13.32.52:709][  0]LogConfig: Applying CVar settings from Section [Startup] File [../../../Engine/Config/ConsoleVariables.ini]
[2019.06.05-13.32.52:709][  0]LogConfig: Setting CVar [[net.UseAdaptiveNetUpdateFrequency:0]]
[2019.06.05-13.32.52:709][  0]LogConfig: Setting CVar [[p.chaos.AllowCreatePhysxBodies:1]]
[2019.06.05-13.32.52:709][  0]LogConfig: Applying CVar settings from Section [ConsoleVariables] File [I:/aaa - pulpit/projekty/Programowanie/C++ gamedev/polygon/Polygon-lato2019-projekt/TempleRunner/Saved/Config/Windows/Engine.ini]
[2019.06.05-13.32.52:709][  0]LogInit: Computer: DESKTOP-EAHEA7G
[2019.06.05-13.32.52:709][  0]LogInit: User: anderzejn
[2019.06.05-13.32.52:709][  0]LogInit: CPU Page size=4096, Cores=4
[2019.06.05-13.32.52:709][  0]LogInit: High frequency timer resolution =2.929686 MHz
[2019.06.05-13.32.52:710][  0]LogMemory: Memory total: Physical=16.0GB (16GB approx)
[2019.06.05-13.32.52:710][  0]LogMemory: Platform Memory Stats for Windows
[2019.06.05-13.32.52:710][  0]LogMemory: Process Physical Memory: 98.01 MB used, 98.01 MB peak
[2019.06.05-13.32.52:710][  0]LogMemory: Process Virtual Memory: 90.71 MB used, 90.71 MB peak
[2019.06.05-13.32.52:710][  0]LogMemory: Physical Memory: 6503.47 MB used,  9844.29 MB free, 16347.77 MB total
[2019.06.05-13.32.52:710][  0]LogMemory: Virtual Memory: 4629.27 MB used,  134213096.00 MB free, 134217728.00 MB total
[2019.06.05-13.32.52:740][  0]LogInit: Using OS detected language (pl-PL).
[2019.06.05-13.32.52:740][  0]LogInit: Using OS detected locale (pl-PL).
[2019.06.05-13.32.52:742][  0]LogTextLocalizationManager: No specific localization for 'pl-PL' exists, so the 'pl' localization will be used.
[2019.06.05-13.32.52:742][  0]LogTextLocalizationResource: LocRes '../../../Engine/Content/Localization/Editor/pl/Editor.locres' could not be opened for reading!
[2019.06.05-13.32.52:743][  0]LogTextLocalizationResource: LocRes '../../../Engine/Content/Localization/EditorTutorials/pl/EditorTutorials.locres' could not be opened for reading!
[2019.06.05-13.32.52:743][  0]LogTextLocalizationResource: LocRes '../../../Engine/Content/Localization/Keywords/pl/Keywords.locres' could not be opened for reading!
[2019.06.05-13.32.52:743][  0]LogTextLocalizationResource: LocRes '../../../Engine/Content/Localization/Category/pl/Category.locres' could not be opened for reading!
[2019.06.05-13.32.52:743][  0]LogTextLocalizationResource: LocRes '../../../Engine/Content/Localization/ToolTips/pl/ToolTips.locres' could not be opened for reading!
[2019.06.05-13.32.52:743][  0]LogTextLocalizationResource: LocRes '../../../Engine/Content/Localization/PropertyNames/pl/PropertyNames.locres' could not be opened for reading!
[2019.06.05-13.32.52:743][  0]LogTextLocalizationResource: LocRes '../../../Engine/Content/Localization/Engine/pl/Engine.locres' could not be opened for reading!
[2019.06.05-13.32.52:745][  0]LogInit: Setting process to per monitor DPI aware
[2019.06.05-13.32.52:775][  0]LogSlate: New Slate User Created.  User Index 0, Is Virtual User: 0
[2019.06.05-13.32.52:775][  0]LogSlate: Slate User Registered.  User Index 0, Is Virtual User: 0
[2019.06.05-13.32.53:035][  0]LogHMD: Failed to initialize OpenVR with code 110
[2019.06.05-13.32.53:035][  0]LogD3D11RHI: D3D11 adapters:
[2019.06.05-13.32.53:083][  0]LogD3D11RHI:    0. 'Radeon (TM) RX 480 Graphics' (Feature Level 11_0)
[2019.06.05-13.32.53:083][  0]LogD3D11RHI:       8137/0/8173 MB DedicatedVideo/DedicatedSystem/SharedSystem, Outputs:1, VendorId:0x1002
[2019.06.05-13.32.53:086][  0]LogD3D11RHI:    1. 'Microsoft Basic Render Driver' (Feature Level 11_0)
[2019.06.05-13.32.53:086][  0]LogD3D11RHI:       0/0/8173 MB DedicatedVideo/DedicatedSystem/SharedSystem, Outputs:0, VendorId:0x1414
[2019.06.05-13.32.53:086][  0]LogD3D11RHI: Chosen D3D11 Adapter: 0
[2019.06.05-13.32.53:094][  0]LogD3D11RHI: Creating new Direct3DDevice
[2019.06.05-13.32.53:095][  0]LogD3D11RHI:     GPU DeviceId: 0x67df (for the marketing name, search the web for "GPU Device Id")
[2019.06.05-13.32.53:095][  0]LogWindows: EnumDisplayDevices:
[2019.06.05-13.32.53:095][  0]LogWindows:    0. 'Radeon (TM) RX 480 Graphics' (P:1 D:1)
[2019.06.05-13.32.53:096][  0]LogWindows:    1. 'Radeon (TM) RX 480 Graphics' (P:0 D:0)
[2019.06.05-13.32.53:096][  0]LogWindows:    2. 'Radeon (TM) RX 480 Graphics' (P:0 D:0)
[2019.06.05-13.32.53:097][  0]LogWindows:    3. 'Radeon (TM) RX 480 Graphics' (P:0 D:0)
[2019.06.05-13.32.53:097][  0]LogWindows:    4. 'Radeon (TM) RX 480 Graphics' (P:0 D:0)
[2019.06.05-13.32.53:098][  0]LogWindows:    5. 'Radeon (TM) RX 480 Graphics' (P:0 D:0)
[2019.06.05-13.32.53:099][  0]LogWindows:    6. 'Radeon (TM) RX 480 Graphics' (P:0 D:0)
[2019.06.05-13.32.53:099][  0]LogWindows: DebugString: FoundDriverCount:7 
[2019.06.05-13.32.53:099][  0]LogD3D11RHI:     Adapter Name: Radeon (TM) RX 480 Graphics
[2019.06.05-13.32.53:099][  0]LogD3D11RHI:   Driver Version: Adrenalin 18.9.3 (internal:24.20.13019.1008, unified:24.20.13019.1008)
[2019.06.05-13.32.53:099][  0]LogD3D11RHI:      Driver Date: 9-25-2018
[2019.06.05-13.32.53:099][  0]LogRHI: Texture pool is 5695 MB (70% of 8137 MB)
[2019.06.05-13.32.53:198][  0]LogD3D11RHI: Async texture creation enabled
[2019.06.05-13.32.53:202][  0]LogRendererCore: FGlobalReadBuffer::InitRHI
[2019.06.05-13.32.53:202][  0]LogRendererCore: FGlobalReadBuffer::InitRHI
[2019.06.05-13.32.53:202][  0]LogRendererCore: FGlobalReadBuffer::InitRHI
[2019.06.05-13.32.53:209][  0]LogD3D11RHI: GPU Timing Frequency: 25.000000 (Debug: 2 1)
[2019.06.05-13.32.53:833][  0]LogTemp: Display: Module 'AllDesktopTargetPlatform' loaded TargetPlatform 'AllDesktop'
[2019.06.05-13.32.53:851][  0]LogTemp: Display: Module 'MacClientTargetPlatform' loaded TargetPlatform 'MacClient'
[2019.06.05-13.32.53:869][  0]LogTemp: Display: Module 'MacNoEditorTargetPlatform' loaded TargetPlatform 'MacNoEditor'
[2019.06.05-13.32.53:886][  0]LogTemp: Display: Module 'MacServerTargetPlatform' loaded TargetPlatform 'MacServer'
[2019.06.05-13.32.53:904][  0]LogTemp: Display: Module 'MacTargetPlatform' loaded TargetPlatform 'Mac'
[2019.06.05-13.32.53:922][  0]LogTemp: Display: Module 'WindowsClientTargetPlatform' loaded TargetPlatform 'WindowsClient'
[2019.06.05-13.32.53:940][  0]LogTemp: Display: Module 'WindowsNoEditorTargetPlatform' loaded TargetPlatform 'WindowsNoEditor'
[2019.06.05-13.32.53:957][  0]LogTemp: Display: Module 'WindowsServerTargetPlatform' loaded TargetPlatform 'WindowsServer'
[2019.06.05-13.32.53:966][  0]LogTemp: Display: Module 'WindowsTargetPlatform' loaded TargetPlatform 'Windows'
[2019.06.05-13.32.54:062][  0]LogTemp: Display: Module 'AndroidTargetPlatform' loaded TargetPlatform 'Android'
[2019.06.05-13.32.54:062][  0]LogTemp: Display: Module 'AndroidTargetPlatform' loaded TargetPlatform 'Android_ASTC'
[2019.06.05-13.32.54:062][  0]LogTemp: Display: Module 'AndroidTargetPlatform' loaded TargetPlatform 'Android_ATC'
[2019.06.05-13.32.54:062][  0]LogTemp: Display: Module 'AndroidTargetPlatform' loaded TargetPlatform 'Android_DXT'
[2019.06.05-13.32.54:062][  0]LogTemp: Display: Module 'AndroidTargetPlatform' loaded TargetPlatform 'Android_ETC1'
[2019.06.05-13.32.54:062][  0]LogTemp: Display: Module 'AndroidTargetPlatform' loaded TargetPlatform 'Android_ETC1a'
[2019.06.05-13.32.54:062][  0]LogTemp: Display: Module 'AndroidTargetPlatform' loaded TargetPlatform 'Android_ETC2'
[2019.06.05-13.32.54:062][  0]LogTemp: Display: Module 'AndroidTargetPlatform' loaded TargetPlatform 'Android_PVRTC'
[2019.06.05-13.32.54:062][  0]LogTemp: Display: Module 'AndroidTargetPlatform' loaded TargetPlatform 'AndroidClient'
[2019.06.05-13.32.54:062][  0]LogTemp: Display: Module 'AndroidTargetPlatform' loaded TargetPlatform 'Android_ASTCClient'
[2019.06.05-13.32.54:062][  0]LogTemp: Display: Module 'AndroidTargetPlatform' loaded TargetPlatform 'Android_ATCClient'
[2019.06.05-13.32.54:062][  0]LogTemp: Display: Module 'AndroidTargetPlatform' loaded TargetPlatform 'Android_DXTClient'
[2019.06.05-13.32.54:062][  0]LogTemp: Display: Module 'AndroidTargetPlatform' loaded TargetPlatform 'Android_ETC1Client'
[2019.06.05-13.32.54:063][  0]LogTemp: Display: Module 'AndroidTargetPlatform' loaded TargetPlatform 'Android_ETC1aClient'
[2019.06.05-13.32.54:063][  0]LogTemp: Display: Module 'AndroidTargetPlatform' loaded TargetPlatform 'Android_ETC2Client'
[2019.06.05-13.32.54:063][  0]LogTemp: Display: Module 'AndroidTargetPlatform' loaded TargetPlatform 'Android_PVRTCClient'
[2019.06.05-13.32.54:063][  0]LogTemp: Display: Module 'AndroidTargetPlatform' loaded TargetPlatform 'Android_Multi'
[2019.06.05-13.32.54:063][  0]LogTemp: Display: Module 'AndroidTargetPlatform' loaded TargetPlatform 'Android_MultiClient'
[2019.06.05-13.32.54:066][  0]LogTemp: Display: Module 'HTML5TargetPlatform' loaded TargetPlatform 'HTML5'
[2019.06.05-13.32.54:122][  0]LogTemp: Display: Module 'IOSTargetPlatform' loaded TargetPlatform 'IOSClient'
[2019.06.05-13.32.54:122][  0]LogTemp: Display: Module 'IOSTargetPlatform' loaded TargetPlatform 'IOS'
[2019.06.05-13.32.54:150][  0]LogTemp: Display: Module 'TVOSTargetPlatform' loaded TargetPlatform 'TVOSClient'
[2019.06.05-13.32.54:150][  0]LogTemp: Display: Module 'TVOSTargetPlatform' loaded TargetPlatform 'TVOS'
[2019.06.05-13.32.54:166][  0]LogTemp: Display: Module 'LinuxClientTargetPlatform' loaded TargetPlatform 'LinuxClient'
[2019.06.05-13.32.54:180][  0]LogTemp: Display: Module 'LinuxNoEditorTargetPlatform' loaded TargetPlatform 'LinuxNoEditor'
[2019.06.05-13.32.54:195][  0]LogTemp: Display: Module 'LinuxServerTargetPlatform' loaded TargetPlatform 'LinuxServer'
[2019.06.05-13.32.54:210][  0]LogTemp: Display: Module 'LinuxTargetPlatform' loaded TargetPlatform 'Linux'
[2019.06.05-13.32.54:270][  0]LogTemp: Display: Module 'LuminTargetPlatform' loaded TargetPlatform 'Lumin'
[2019.06.05-13.32.54:270][  0]LogTemp: Display: Module 'LuminTargetPlatform' loaded TargetPlatform 'LuminClient'
[2019.06.05-13.32.54:271][  0]LogTargetPlatformManager: Display: Building Assets For Windows
[2019.06.05-13.32.54:285][  0]LogAudioDebug: Display: Lib vorbis DLL was dynamically loaded.
[2019.06.05-13.32.54:397][  0]LogShaderCompilers: Guid format shader working directory is -46 characters bigger than the processId version (I:/aaa - pulpit/projekty/Programowanie/C++ gamedev/polygon/Polygon-lato2019-projekt/TempleRunner/Intermediate/Shaders/WorkingDirectory/3496/).
[2019.06.05-13.32.54:397][  0]LogShaderCompilers: Cleaned the shader compiler working directory 'C:/Users/anderzejn/AppData/Local/Temp/UnrealShaderWorkingDir/4BAF183448ACD41CD735D6BB7D53776E/'.
[2019.06.05-13.32.54:402][  0]LogXGEController: Cleaning working directory: C:/Users/anderzejn/AppData/Local/Temp/UnrealXGEWorkingDir/
[2019.06.05-13.32.54:402][  0]LogXGEController: Cannot use XGE Controller as Incredibuild is not installed on this machine.
[2019.06.05-13.32.54:402][  0]LogShaderCompilers: Cannot use XGE Shader Compiler as Incredibuild is not installed on this machine.
[2019.06.05-13.32.54:402][  0]LogShaderCompilers: Display: Using Local Shader Compiler.
[2019.06.05-13.32.55:130][  0]LogDerivedDataCache: Display: Max Cache Size: 512 MB
[2019.06.05-13.32.55:187][  0]LogDerivedDataCache: Loaded boot cache 0.06s 72MB C:/Users/anderzejn/AppData/Local/UnrealEngine/4.22/DerivedDataCache/Boot.ddc.
[2019.06.05-13.32.55:187][  0]LogDerivedDataCache: Display: Loaded Boot cache: C:/Users/anderzejn/AppData/Local/UnrealEngine/4.22/DerivedDataCache/Boot.ddc
[2019.06.05-13.32.55:187][  0]LogDerivedDataCache: FDerivedDataBackendGraph:  Pak pak cache file I:/aaa - pulpit/projekty/Programowanie/C++ gamedev/polygon/Polygon-lato2019-projekt/TempleRunner/DerivedDataCache/DDC.ddp not found, will not use a pak cache.
[2019.06.05-13.32.55:187][  0]LogDerivedDataCache: Unable to find inner node Pak for hierarchical cache Hierarchy.
[2019.06.05-13.32.55:187][  0]LogDerivedDataCache: FDerivedDataBackendGraph:  CompressedPak pak cache file I:/aaa - pulpit/projekty/Programowanie/C++ gamedev/polygon/Polygon-lato2019-projekt/TempleRunner/DerivedDataCache/Compressed.ddp not found, will not use a pak cache.
[2019.06.05-13.32.55:187][  0]LogDerivedDataCache: Unable to find inner node CompressedPak for hierarchical cache Hierarchy.
[2019.06.05-13.32.55:201][  0]LogDerivedDataCache: Display: Pak cache opened for reading ../../../Engine/DerivedDataCache/Compressed.ddp.
[2019.06.05-13.32.55:205][  0]LogDerivedDataCache: Display: Pak cache opened for reading ../../../Enterprise/DerivedDataCache/Compressed.ddp.
[2019.06.05-13.32.55:217][  0]LogDerivedDataCache: Using Local data cache path C:/Users/anderzejn/AppData/Local/UnrealEngine/Common/DerivedDataCache: Writable
[2019.06.05-13.32.55:217][  0]LogDerivedDataCache: Shared data cache path not found in *engine.ini, will not use an Shared cache.
[2019.06.05-13.32.55:217][  0]LogDerivedDataCache: Unable to find inner node Shared for hierarchical cache Hierarchy.
[2019.06.05-13.32.55:243][  0]LogMaterial: Verifying Global Shaders for PCD3D_SM5
[2019.06.05-13.32.55:245][  0]LogSlate: Using FreeType 2.6.0
[2019.06.05-13.32.55:245][  0]LogSlate: SlateFontServices - WITH_FREETYPE: 1, WITH_HARFBUZZ: 1
[2019.06.05-13.32.55:358][  0]LogAssetRegistry: FAssetRegistry took 0.0366 seconds to start up
[2019.06.05-13.32.55:755][  0]LogInit: Selected Device Profile: [Windows]
[2019.06.05-13.32.55:930][  0]LogMeshReduction: Using QuadricMeshReduction for automatic static mesh reduction
[2019.06.05-13.32.55:930][  0]LogMeshReduction: Using SimplygonMeshReduction for automatic skeletal mesh reduction
[2019.06.05-13.32.55:930][  0]LogMeshReduction: Using ProxyLODMeshReduction for automatic mesh merging
[2019.06.05-13.32.55:930][  0]LogMeshReduction: No distributed automatic mesh merging module available
[2019.06.05-13.32.55:930][  0]LogMeshMerging: No distributed automatic mesh merging module available
[2019.06.05-13.32.55:942][  0]LogNetVersion: TempleRunner 1.0.0, NetCL: 5660361, EngineNetVer: 10, GameNetVer: 0 (Checksum: 81763283)
[2019.06.05-13.32.56:449][  0]LogPackageLocalizationCache: Processed 16 localized package path(s) for 1 prioritized culture(s) in 0.059816 seconds
[2019.06.05-13.32.56:457][  0]LogUObjectArray: 42205 objects as part of root set at end of initial load.
[2019.06.05-13.32.56:457][  0]LogUObjectAllocator: 7325032 out of 0 bytes used by permanent object pool.
[2019.06.05-13.32.56:457][  0]LogUObjectArray: CloseDisregardForGC: 0/0 objects in disregard for GC pool
[2019.06.05-13.32.57:669][  0]LogTcpMessaging: Initializing TcpMessaging bridge
[2019.06.05-13.32.57:684][  0]LogUdpMessaging: Initializing bridge on interface 0.0.0.0:0 to multicast group 230.0.0.1:6666.
[2019.06.05-13.32.57:811][  0]SourceControl: Source control is disabled
[2019.06.05-13.32.57:811][  0]SourceControl: Source control is disabled
[2019.06.05-13.32.57:814][  0]SourceControl: Source control is disabled
[2019.06.05-13.32.57:816][  0]SourceControl: Source control is disabled
[2019.06.05-13.32.57:975][  0]LogAndroidPermission: UAndroidPermissionCallbackProxy::GetInstance
[2019.06.05-13.32.58:051][  0]LogOcInput: OculusInput pre-init called
[2019.06.05-13.33.01:207][  0]LogWindows: Failed to load 'libalias_api.dll' (GetLastError=126)
[2019.06.05-13.33.01:207][  0]LogWindows: File 'libalias_api.dll' does not exist
[2019.06.05-13.33.01:208][  0]LogWindows: Failed to load 'libalias_api.dll' (GetLastError=126)
[2019.06.05-13.33.01:208][  0]LogWindows: File 'libalias_api.dll' does not exist
[2019.06.05-13.33.01:367][  0]LogEngine: Initializing Engine...
[2019.06.05-13.33.01:368][  0]LogHMD: Failed to initialize OpenVR with code 110
[2019.06.05-13.33.01:369][  0]LogStats: UGameplayTagsManager::InitializeManager -  0.000 s
[2019.06.05-13.33.01:634][  0]LogInit: Initializing FReadOnlyCVARCache
[2019.06.05-13.33.01:656][  0]LogAIModule: Creating AISystem for world Untitled
[2019.06.05-13.33.01:674][  0]LogInit: XAudio2 using '4 - LG IPS FULLHD (AMD High Definition Audio Device)' : 2 channels at 48 kHz using 16 bits per sample (channel mask 0x3)
[2019.06.05-13.33.01:698][  0]LogInit: FAudioDevice initialized.
[2019.06.05-13.33.01:698][  0]LogNetVersion: Set ProjectVersion to 1.0.0.0. Version Checksum will be recalculated on next use.
[2019.06.05-13.33.01:800][  0]LogDerivedDataCache: Saved boot cache 0.10s 72MB C:/Users/anderzejn/AppData/Local/UnrealEngine/4.22/DerivedDataCache/Boot.ddc.
[2019.06.05-13.33.01:810][  0]LogInit: Texture streaming: Enabled
[2019.06.05-13.33.01:864][  0]LogEngineSessionManager: EngineSessionManager initialized
[2019.06.05-13.33.01:906][  0]LogInit: Transaction tracking system initialized
[2019.06.05-13.33.01:958][  0]BlueprintLog: New page: Editor Load
[2019.06.05-13.33.02:129][  0]LocalizationService: Localization service is disabled
[2019.06.05-13.33.02:537][  0]LogFileCache: Scanning file cache for directory 'I:/aaa - pulpit/projekty/Programowanie/C++ gamedev/polygon/Polygon-lato2019-projekt/TempleRunner/Content/' took 0.02s
[2019.06.05-13.33.02:537][  0]LogCook: Display: Max memory allowance for cook 16384mb min free memory 0mb
[2019.06.05-13.33.02:537][  0]LogCook: Display: Mobile HDR setting 1
[2019.06.05-13.33.04:490][  0]SourceControl: Source control is disabled
[2019.06.05-13.33.04:490][  0]Cmd: MAP LOAD FILE="I:/aaa - pulpit/projekty/Programowanie/C++ gamedev/polygon/Polygon-lato2019-projekt/TempleRunner/Content/Runner/Maps/Runner.umap" TEMPLATE=0 SHOWPROGRESS=1 FEATURELEVEL=3
[2019.06.05-13.33.04:490][  0]LightingResults: New page: Lighting Build
[2019.06.05-13.33.04:495][  0]MapCheck: New page: Map Check
[2019.06.05-13.33.04:495][  0]LightingResults: New page: Lighting Build
[2019.06.05-13.33.04:533][  0]LogUObjectHash: Compacting FUObjectHashTables data took   1.64ms
[2019.06.05-13.33.05:393][  0]LoadErrors: Warning: Linear color curves now accurately handle RGB values > 1. If you were relying on HSV clamping, please update Curve_GoodSky_horizon_Color
[2019.06.05-13.33.05:502][  0]LoadErrors: Warning: Linear color curves now accurately handle RGB values > 1. If you were relying on HSV clamping, please update Curve_GoodSky_DomeColor
[2019.06.05-13.33.05:502][  0]LoadErrors: Warning: Linear color curves now accurately handle RGB values > 1. If you were relying on HSV clamping, please update Curve_GoodSky_BaseCloudColor
[2019.06.05-13.33.05:502][  0]LoadErrors: Warning: Linear color curves now accurately handle RGB values > 1. If you were relying on HSV clamping, please update Curve_GoodSky_AllOverlayColor
[2019.06.05-13.33.05:503][  0]LogAIModule: Creating AISystem for world Runner
[2019.06.05-13.33.05:513][  0]LogEditorServer: Finished looking for orphan Actors (0.000 secs)
[2019.06.05-13.33.05:555][  0]LogUObjectHash: Compacting FUObjectHashTables data took   2.74ms
[2019.06.05-13.33.05:555][  0]Cmd: MAP CHECKDEP NOCLEARLOG
[2019.06.05-13.33.05:555][  0]MapCheck: Map check complete: 0 Error(s), 0 Warning(s), took 0,115ms to complete.
[2019.06.05-13.33.05:555][  0]LogFileHelpers: Loading map 'Runner' took 1.065
[2019.06.05-13.33.06:924][  0]LogSlate: Only BGRA pngs, bmps or icos are supported in by External Image Picker
[2019.06.05-13.33.06:980][  0]LogSlate: Updating window title bar state: overlay mode, drag disabled, window buttons hidden, title bar hidden
[2019.06.05-13.33.06:988][  0]LogSlate: Updating window title bar state: overlay mode, drag disabled, window buttons hidden, title bar hidden
[2019.06.05-13.33.06:999][  0]LogSlate: Updating window title bar state: overlay mode, drag disabled, window buttons hidden, title bar hidden
[2019.06.05-13.33.07:014][  0]LogSlate: Updating window title bar state: overlay mode, drag disabled, window buttons hidden, title bar hidden
[2019.06.05-13.33.07:028][  0]LogCollectionManager: Loaded 0 collections in 0.004339 seconds
[2019.06.05-13.33.07:058][  0]LogFileCache: Scanning file cache for directory 'I:/aaa - pulpit/projekty/Programowanie/C++ gamedev/polygon/Polygon-lato2019-projekt/TempleRunner/Saved/Collections/' took 0.01s
[2019.06.05-13.33.07:058][  0]LogFileCache: Scanning file cache for directory 'I:/aaa - pulpit/projekty/Programowanie/C++ gamedev/polygon/Polygon-lato2019-projekt/TempleRunner/Content/Developers/anderzejn/Collections/' took 0.00s
[2019.06.05-13.33.07:058][  0]LogFileCache: Scanning file cache for directory 'I:/aaa - pulpit/projekty/Programowanie/C++ gamedev/polygon/Polygon-lato2019-projekt/TempleRunner/Content/Collections/' took 0.01s
[2019.06.05-13.33.07:058][  0]LogCollectionManager: Rebuilt the GUID cache for 0 collections in 0.000000 seconds
[2019.06.05-13.33.07:068][  0]LogContentBrowser: Native class hierarchy populated in 0.0103 seconds. Added 2865 classes and 728 folders.
[2019.06.05-13.33.07:081][  0]LogContentBrowser: Native class hierarchy updated for 'WidgetCarousel' in 0.0006 seconds. Added 0 classes and 0 folders.
[2019.06.05-13.33.07:083][  0]LogPakFile: Registered encryption key '00000000000000000000000000000000': 0 pak files mounted, 0 remain pending
[2019.06.05-13.33.07:084][  0]LogPakFile: Registered encryption key '00000000000000000000000000000000': 0 pak files mounted, 0 remain pending
[2019.06.05-13.33.07:085][  0]LogPakFile: Registered encryption key '00000000000000000000000000000000': 0 pak files mounted, 0 remain pending
[2019.06.05-13.33.07:085][  0]LogPakFile: Registered encryption key '00000000000000000000000000000000': 0 pak files mounted, 0 remain pending
[2019.06.05-13.33.07:086][  0]LogPakFile: Registered encryption key '00000000000000000000000000000000': 0 pak files mounted, 0 remain pending
[2019.06.05-13.33.07:087][  0]LogPakFile: Registered encryption key '00000000000000000000000000000000': 0 pak files mounted, 0 remain pending
[2019.06.05-13.33.07:087][  0]LogPakFile: Registered encryption key '00000000000000000000000000000000': 0 pak files mounted, 0 remain pending
[2019.06.05-13.33.07:088][  0]LogPakFile: Registered encryption key '00000000000000000000000000000000': 0 pak files mounted, 0 remain pending
[2019.06.05-13.33.07:089][  0]LogPakFile: Registered encryption key '00000000000000000000000000000000': 0 pak files mounted, 0 remain pending
[2019.06.05-13.33.07:089][  0]LogPakFile: Registered encryption key '00000000000000000000000000000000': 0 pak files mounted, 0 remain pending
[2019.06.05-13.33.07:090][  0]LogPakFile: Registered encryption key '00000000000000000000000000000000': 0 pak files mounted, 0 remain pending
[2019.06.05-13.33.07:090][  0]LogPakFile: Registered encryption key '00000000000000000000000000000000': 0 pak files mounted, 0 remain pending
[2019.06.05-13.33.07:091][  0]LogPakFile: Registered encryption key '00000000000000000000000000000000': 0 pak files mounted, 0 remain pending
[2019.06.05-13.33.07:092][  0]LogPakFile: Registered encryption key '00000000000000000000000000000000': 0 pak files mounted, 0 remain pending
[2019.06.05-13.33.07:093][  0]LogPakFile: Registered encryption key '00000000000000000000000000000000': 0 pak files mounted, 0 remain pending
[2019.06.05-13.33.07:093][  0]LogPakFile: Registered encryption key '00000000000000000000000000000000': 0 pak files mounted, 0 remain pending
[2019.06.05-13.33.07:094][  0]LogPakFile: Registered encryption key '00000000000000000000000000000000': 0 pak files mounted, 0 remain pending
[2019.06.05-13.33.07:095][  0]LogPakFile: Registered encryption key '00000000000000000000000000000000': 0 pak files mounted, 0 remain pending
[2019.06.05-13.33.07:096][  0]LogPakFile: Registered encryption key '00000000000000000000000000000000': 0 pak files mounted, 0 remain pending
[2019.06.05-13.33.07:096][  0]LogPakFile: Registered encryption key '00000000000000000000000000000000': 0 pak files mounted, 0 remain pending
[2019.06.05-13.33.07:097][  0]LogPakFile: Registered encryption key '00000000000000000000000000000000': 0 pak files mounted, 0 remain pending
[2019.06.05-13.33.07:097][  0]LogPakFile: Registered encryption key '00000000000000000000000000000000': 0 pak files mounted, 0 remain pending
[2019.06.05-13.33.07:098][  0]LogPakFile: Registered encryption key '00000000000000000000000000000000': 0 pak files mounted, 0 remain pending
[2019.06.05-13.33.07:098][  0]LogPakFile: Registered encryption key '00000000000000000000000000000000': 0 pak files mounted, 0 remain pending
[2019.06.05-13.33.07:100][  0]LogPakFile: Registered encryption key '00000000000000000000000000000000': 0 pak files mounted, 0 remain pending
[2019.06.05-13.33.07:101][  0]LogPakFile: Registered encryption key '00000000000000000000000000000000': 0 pak files mounted, 0 remain pending
[2019.06.05-13.33.07:102][  0]LogPakFile: Registered encryption key '00000000000000000000000000000000': 0 pak files mounted, 0 remain pending
[2019.06.05-13.33.07:102][  0]LogPakFile: Registered encryption key '00000000000000000000000000000000': 0 pak files mounted, 0 remain pending
[2019.06.05-13.33.07:193][  0]LogContentBrowser: Native class hierarchy updated for 'AddContentDialog' in 0.0005 seconds. Added 0 classes and 0 folders.
[2019.06.05-13.33.07:274][  0]LogContentBrowser: Native class hierarchy updated for 'SceneOutliner' in 0.0006 seconds. Added 1 classes and 0 folders.
[2019.06.05-13.33.07:283][  0]LogSlate: Took 0.000240 seconds to synchronously load lazily loaded font '../../../Engine/Content/Slate/Fonts/Roboto-Regular.ttf' (155K)
[2019.06.05-13.33.07:286][  0]LogSlate: Took 0.000250 seconds to synchronously load lazily loaded font '../../../Engine/Content/Slate/Fonts/Roboto-Bold.ttf' (160K)
[2019.06.05-13.33.07:289][  0]LogSlate: Took 0.000221 seconds to synchronously load lazily loaded font '../../../Engine/Content/Editor/Slate/Fonts/FontAwesome.ttf' (139K)
[2019.06.05-13.33.07:347][  0]LogRenderer: Reallocating scene render targets to support 1448x632 Format 10 NumSamples 1 (Frame:1).
[2019.06.05-13.33.07:500][  0]LogContentBrowser: Native class hierarchy updated for 'HierarchicalLODOutliner' in 0.0005 seconds. Added 0 classes and 0 folders.
[2019.06.05-13.33.07:500][  0]LogLoad: (Engine Initialization) Total time: 18.00 seconds
[2019.06.05-13.33.07:500][  0]LogLoad: (Engine Initialization) Total Blueprint compile time: 0.00 seconds
[2019.06.05-13.33.07:590][  0]LogAssetRegistry: Asset discovery search completed in 12.2533 seconds
[2019.06.05-13.33.07:601][  0]LogCollectionManager: Rebuilt the object cache for 0 collections in 0.000000 seconds (found 0 objects)
[2019.06.05-13.33.07:601][  0]LogCollectionManager: Fixed up redirectors for 0 collections in 0.000085 seconds (updated 0 objects)
[2019.06.05-13.33.07:607][  0]LogContentStreaming: Texture pool size now 1000 MB
[2019.06.05-13.33.08:883][  4]LogSlate: Took 0.000256 seconds to synchronously load lazily loaded font '../../../Engine/Content/Slate/Fonts/Roboto-Light.ttf' (167K)
[2019.06.05-13.33.09:315][  6]LogSlate: FSceneViewport::OnFocusLost() reason 0
[2019.06.05-13.33.09:561][  6]LogSlate: Took 0.000207 seconds to synchronously load lazily loaded font '../../../Engine/Content/Slate/Fonts/Roboto-Light.ttf' (167K)
[2019.06.05-13.33.15:495][691]LogTemp: Repeating last play command: Selected Viewport
[2019.06.05-13.33.15:510][691]LogBlueprintUserMessages: Early PlayInEditor Detection: Level '/Game/Runner/Maps/Runner.Runner:PersistentLevel' has LevelScriptBlueprint '/Game/Runner/Maps/Runner.Runner:PersistentLevel.Runner' with GeneratedClass '/Game/Runner/Maps/Runner.Runner_C' with ClassGeneratedBy '/Game/Runner/Maps/Runner.Runner:PersistentLevel.Runner'
[2019.06.05-13.33.15:510][691]LogPlayLevel: PlayLevel: No blueprints needed recompiling
[2019.06.05-13.33.15:510][691]PIE: New page: PIE session: Runner (5 cze 2019, 17:33:15)
[2019.06.05-13.33.15:523][691]LogPlayLevel: Creating play world package: /Game/Runner/Maps/UEDPIE_0_Runner
[2019.06.05-13.33.15:528][691]LogPlayLevel: PIE: StaticDuplicateObject took: (0.004875s)
[2019.06.05-13.33.15:529][691]LogAIModule: Creating AISystem for world Runner
[2019.06.05-13.33.15:529][691]LogPlayLevel: PIE: World Init took: (0.000736s)
[2019.06.05-13.33.15:529][691]LogPlayLevel: PIE: Created PIE world by copying editor world from /Game/Runner/Maps/Runner.Runner to /Game/Runner/Maps/UEDPIE_0_Runner.Runner (0.005963s)
[2019.06.05-13.33.15:556][691]LogUObjectHash: Compacting FUObjectHashTables data took   1.26ms
[2019.06.05-13.33.15:569][691]LogInit: XAudio2 using '4 - LG IPS FULLHD (AMD High Definition Audio Device)' : 2 channels at 48 kHz using 16 bits per sample (channel mask 0x3)
[2019.06.05-13.33.15:585][691]LogInit: FAudioDevice initialized.
[2019.06.05-13.33.15:627][691]LogLoad: Game class is 'ThirdPersonGameMode_C'
[2019.06.05-13.33.15:629][691]LogWorld: Bringing World /Game/Runner/Maps/UEDPIE_0_Runner.Runner up for play (max tick rate 0) at 2019.06.05-15.33.15
[2019.06.05-13.33.15:629][691]LogWorld: Bringing up level for play took: 0.000987
[2019.06.05-13.33.15:651][691]LogContentBrowser: Native class hierarchy updated for 'MovieSceneCapture' in 0.0006 seconds. Added 20 classes and 0 folders.
[2019.06.05-13.33.15:662][691]PIE: Play in editor start time for /Game/Runner/Maps/UEDPIE_0_Runner 1,075
[2019.06.05-13.33.15:662][691]LogBlueprintUserMessages: Late PlayInEditor Detection: Level '/Game/Runner/Maps/Runner.Runner:PersistentLevel' has LevelScriptBlueprint '/Game/Runner/Maps/Runner.Runner:PersistentLevel.Runner' with GeneratedClass '/Game/Runner/Maps/Runner.Runner_C' with ClassGeneratedBy '/Game/Runner/Maps/Runner.Runner:PersistentLevel.Runner'
[2019.06.05-13.34.24:757][613]Cmd: restartlevel
[2019.06.05-13.34.24:759][614]LogNet: Browse: /Game/Runner/Maps/Runner?restart
[2019.06.05-13.34.24:767][614]LogLoad: LoadMap: /Game/Runner/Maps/Runner
[2019.06.05-13.34.24:818][614]LogUObjectHash: Compacting FUObjectHashTables data took   1.92ms
[2019.06.05-13.34.24:819][614]LogPlayLevel: Creating play world package: /Game/Runner/Maps/UEDPIE_0_Runner
[2019.06.05-13.34.24:822][614]LogPlayLevel: PIE: StaticDuplicateObject took: (0.003455s)
[2019.06.05-13.34.24:823][614]LogAIModule: Creating AISystem for world Runner
[2019.06.05-13.34.24:823][614]LogPlayLevel: PIE: World Init took: (0.001180s)
[2019.06.05-13.34.24:823][614]LogPlayLevel: PIE: Created PIE world by copying editor world from /Game/Runner/Maps/Runner.Runner to /Game/Runner/Maps/UEDPIE_0_Runner.Runner (0.004867s)
[2019.06.05-13.34.24:823][614]LogLoad: Game class is 'ThirdPersonGameMode_C'
[2019.06.05-13.34.24:825][614]LogWorld: Bringing World /Game/Runner/Maps/UEDPIE_0_Runner.Runner up for play (max tick rate 0) at 2019.06.05-15.34.24
[2019.06.05-13.34.24:825][614]LogWorld: Bringing up level for play took: 0.000884
[2019.06.05-13.34.24:834][614]LogLoad: Took 0.068154 seconds to LoadMap(/Game/Runner/Maps/UEDPIE_0_Runner)
[2019.06.05-13.34.49:581][ 70]LogBlueprintUserMessages: Early EndPlayMap Detection: Level '/Game/Runner/Maps/Runner.Runner:PersistentLevel' has LevelScriptBlueprint '/Game/Runner/Maps/Runner.Runner:PersistentLevel.Runner' with GeneratedClass '/Game/Runner/Maps/Runner.Runner_C' with ClassGeneratedBy '/Game/Runner/Maps/Runner.Runner:PersistentLevel.Runner'
[2019.06.05-13.34.49:581][ 70]LogSlate: Updating window title bar state: overlay mode, drag disabled, window buttons hidden, title bar hidden
[2019.06.05-13.34.49:616][ 70]LogPlayLevel: Display: Shutting down PIE online subsystems
[2019.06.05-13.34.49:616][ 70]LogBlueprintUserMessages: Late EndPlayMap Detection: Level '/Game/Runner/Maps/Runner.Runner:PersistentLevel' has LevelScriptBlueprint '/Game/Runner/Maps/Runner.Runner:PersistentLevel.Runner' with GeneratedClass '/Game/Runner/Maps/Runner.Runner_C' with ClassGeneratedBy '/Game/Runner/Maps/Runner.Runner:PersistentLevel.Runner'
[2019.06.05-13.34.49:646][ 70]LogSlate: Updating window title bar state: overlay mode, drag disabled, window buttons hidden, title bar hidden
[2019.06.05-13.34.49:659][ 70]LogUObjectHash: Compacting FUObjectHashTables data took   1.34ms
[2019.06.05-13.34.49:694][ 72]LogPlayLevel: Display: Destroying online subsystem :Context_2
[2019.06.05-13.34.58:177][685]LogSlate: FSceneViewport::OnFocusLost() reason 0
[2019.06.05-13.35.02:629][997]LogAssetEditorManager: Opening Asset editor for WidgetBlueprint /Game/HUD/GameOverScreen.GameOverScreen
[2019.06.05-13.35.02:931][997]LogContentBrowser: Native class hierarchy updated for 'BlueprintGraph' in 0.0008 seconds. Added 121 classes and 0 folders.
[2019.06.05-13.35.03:814][997]LogBlueprintActionDatabase: Requesting refresh due to module change: SequencerWidgets (loaded)
[2019.06.05-13.35.04:212][997]LogSlate: Took 0.000271 seconds to synchronously load lazily loaded font '../../../Engine/Content/Slate/Fonts/Roboto-BoldCondensed.ttf' (158K)
[2019.06.05-13.35.11:369][790]LogSlate: Window 'Color Picker' being destroyed
[2019.06.05-13.35.25:880][489]LogSlate: Window 'Color Picker' being destroyed
[2019.06.05-13.36.26:997][520]LogStaticMesh: Building static mesh desk...
[2019.06.05-13.36.26:997][520]LogSlate: Prevented a slow task dialog from being summoned while a context menu was open
[2019.06.05-13.36.27:002][520]LogBlueprintActionDatabase: Requesting refresh due to module change: MeshBuilder (loaded)
[2019.06.05-13.36.27:021][520]LogStaticMesh: Built static mesh [0.02s] /Game/Runner/Meshes/newer/desk.desk
[2019.06.05-13.36.27:029][520]LogStaticMesh: Building static mesh table...
[2019.06.05-13.36.27:029][520]LogSlate: Prevented a slow task dialog from being summoned while a context menu was open
[2019.06.05-13.36.27:071][520]LogStaticMesh: Built static mesh [0.04s] /Game/Runner/Meshes/newer/table.table
[2019.06.05-13.36.27:150][520]LogUObjectHash: Compacting FUObjectHashTables data took   6.45ms
[2019.06.05-13.36.29:276][520]LogSlate: Window 'Delete Assets' being destroyed
[2019.06.05-13.36.29:427][520]LogUObjectHash: Compacting FUObjectHashTables data took   3.46ms
[2019.06.05-13.36.29:469][520]LogUObjectHash: Compacting FUObjectHashTables data took   0.89ms
[2019.06.05-13.36.29:513][520]LogUObjectHash: Compacting FUObjectHashTables data took   0.92ms
[2019.06.05-13.36.29:571][520]LogUObjectHash: Compacting FUObjectHashTables data took   1.02ms
[2019.06.05-13.36.29:617][520]LogUObjectHash: Compacting FUObjectHashTables data took   0.88ms
[2019.06.05-13.36.29:666][520]LogUObjectHash: Compacting FUObjectHashTables data took   2.29ms
[2019.06.05-13.36.29:731][520]LogUObjectHash: Compacting FUObjectHashTables data took   0.88ms
[2019.06.05-13.36.52:102][139]LogAssetEditorManager: Opening Asset editor for WidgetBlueprint /Game/HUD/RunnerHUD.RunnerHUD
[2019.06.05-13.37.02:495][265]LogTemp: Repeating last play command: Selected Viewport
[2019.06.05-13.37.02:517][265]LogBlueprintUserMessages: Early PlayInEditor Detection: Level '/Game/Runner/Maps/Runner.Runner:PersistentLevel' has LevelScriptBlueprint '/Game/Runner/Maps/Runner.Runner:PersistentLevel.Runner' with GeneratedClass '/Game/Runner/Maps/Runner.Runner_C' with ClassGeneratedBy '/Game/Runner/Maps/Runner.Runner:PersistentLevel.Runner'
[2019.06.05-13.37.02:518][265]BlueprintLog: New page: Pre-Play auto-recompile
[2019.06.05-13.37.02:522][265]LogPlayLevel: [PlayLevel] Compiling GameOverScreen before play...
[2019.06.05-13.37.02:891][265]LogUObjectHash: Compacting FUObjectHashTables data took   7.78ms
[2019.06.05-13.37.02:891][265]LogPlayLevel: PlayLevel: Blueprint regeneration took 374 ms (1 blueprints)
[2019.06.05-13.37.02:892][265]PIE: New page: PIE session: Runner (5 cze 2019, 17:37:02)
[2019.06.05-13.37.02:892][265]LogPlayLevel: Creating play world package: /Game/Runner/Maps/UEDPIE_0_Runner
[2019.06.05-13.37.02:896][265]LogPlayLevel: PIE: StaticDuplicateObject took: (0.003437s)
[2019.06.05-13.37.02:897][265]LogAIModule: Creating AISystem for world Runner
[2019.06.05-13.37.02:897][265]LogPlayLevel: PIE: World Init took: (0.000862s)
[2019.06.05-13.37.02:897][265]LogPlayLevel: PIE: Created PIE world by copying editor world from /Game/Runner/Maps/Runner.Runner to /Game/Runner/Maps/UEDPIE_0_Runner.Runner (0.005059s)
[2019.06.05-13.37.02:961][265]LogUObjectHash: Compacting FUObjectHashTables data took   5.16ms
[2019.06.05-13.37.02:973][265]LogInit: XAudio2 using '4 - LG IPS FULLHD (AMD High Definition Audio Device)' : 2 channels at 48 kHz using 16 bits per sample (channel mask 0x3)
[2019.06.05-13.37.02:992][265]LogInit: FAudioDevice initialized.
[2019.06.05-13.37.03:020][265]LogLoad: Game class is 'ThirdPersonGameMode_C'
[2019.06.05-13.37.03:021][265]LogWorld: Bringing World /Game/Runner/Maps/UEDPIE_0_Runner.Runner up for play (max tick rate 0) at 2019.06.05-15.37.03
[2019.06.05-13.37.03:021][265]LogWorld: Bringing up level for play took: 0.000750
[2019.06.05-13.37.03:043][265]PIE: Play in editor start time for /Game/Runner/Maps/UEDPIE_0_Runner 0,456
[2019.06.05-13.37.03:043][265]LogBlueprintUserMessages: Late PlayInEditor Detection: Level '/Game/Runner/Maps/Runner.Runner:PersistentLevel' has LevelScriptBlueprint '/Game/Runner/Maps/Runner.Runner:PersistentLevel.Runner' with GeneratedClass '/Game/Runner/Maps/Runner.Runner_C' with ClassGeneratedBy '/Game/Runner/Maps/Runner.Runner:PersistentLevel.Runner'
[2019.06.05-13.37.03:113][266]LogCharacterMovement: Warning: GetSimulationTimeStep() - Max iterations 8 hit while remaining time 0.066898 > MaxSimulationTimeStep (0.050) for 'ThirdPersonCharacter_C_0', movement 'Walking'
[2019.06.05-13.38.21:154][272]LogNet: Browse: /Game/Runner/Maps/MainMenu
[2019.06.05-13.38.21:157][272]LogLoad: LoadMap: /Game/Runner/Maps/MainMenu
[2019.06.05-13.38.21:315][272]LogUObjectHash: Compacting FUObjectHashTables data took   3.77ms
[2019.06.05-13.38.21:346][272]LogAIModule: Creating AISystem for world MainMenu
[2019.06.05-13.38.21:346][272]LogLoad: Game class is 'MainMenuMode_C'
[2019.06.05-13.38.21:348][272]LogWorld: Bringing World /Game/Runner/Maps/UEDPIE_0_MainMenu.MainMenu up for play (max tick rate 0) at 2019.06.05-15.38.21
[2019.06.05-13.38.21:348][272]LogWorld: Bringing up level for play took: 0.000769
[2019.06.05-13.38.21:348][272]LogGameMode: FindPlayerStart: PATHS NOT DEFINED or NO PLAYERSTART with positive rating
[2019.06.05-13.38.21:349][272]LogSpawn: Warning: SpawnActor failed because no class was specified
[2019.06.05-13.38.21:349][272]LogLoad: Took 0.192772 seconds to LoadMap(/Game/Runner/Maps/MainMenu)
[2019.06.05-13.38.22:514][405]LogSlate: Updating window title bar state: overlay mode, drag disabled, window buttons hidden, title bar hidden
[2019.06.05-13.38.22:514][405]LogBlueprintUserMessages: Early EndPlayMap Detection: Level '/Game/Runner/Maps/Runner.Runner:PersistentLevel' has LevelScriptBlueprint '/Game/Runner/Maps/Runner.Runner:PersistentLevel.Runner' with GeneratedClass '/Game/Runner/Maps/Runner.Runner_C' with ClassGeneratedBy '/Game/Runner/Maps/Runner.Runner:PersistentLevel.Runner'
[2019.06.05-13.38.22:548][405]LogPlayLevel: Display: Shutting down PIE online subsystems
[2019.06.05-13.38.22:548][405]LogBlueprintUserMessages: Late EndPlayMap Detection: Level '/Game/Runner/Maps/Runner.Runner:PersistentLevel' has LevelScriptBlueprint '/Game/Runner/Maps/Runner.Runner:PersistentLevel.Runner' with GeneratedClass '/Game/Runner/Maps/Runner.Runner_C' with ClassGeneratedBy '/Game/Runner/Maps/Runner.Runner:PersistentLevel.Runner'
[2019.06.05-13.38.22:595][405]LogSlate: Updating window title bar state: overlay mode, drag disabled, window buttons hidden, title bar hidden
[2019.06.05-13.38.22:603][405]LogUObjectHash: Compacting FUObjectHashTables data took   6.06ms
[2019.06.05-13.38.22:671][406]LogPlayLevel: Display: Destroying online subsystem :Context_11
[2019.06.05-13.38.23:365][478]LogSlate: FSceneViewport::OnFocusLost() reason 0
[2019.06.05-13.39.07:307][594]Cmd: TRANSACTION UNDO
[2019.06.05-13.39.07:307][594]LogEditorTransaction: Undo Reset to Default
[2019.06.05-13.39.46:296][ 37]LogSelectionDetails: Warning: NavigateToFunctionSource:  Unable to find symbols for 'UKismetTextLibrary::Conv_IntToText' [Nie można odnaleźć elementu.]
[2019.06.05-13.39.53:300][830]LogTemp: Repeating last play command: Selected Viewport
[2019.06.05-13.39.53:326][830]LogBlueprintUserMessages: Early PlayInEditor Detection: Level '/Game/Runner/Maps/Runner.Runner:PersistentLevel' has LevelScriptBlueprint '/Game/Runner/Maps/Runner.Runner:PersistentLevel.Runner' with GeneratedClass '/Game/Runner/Maps/Runner.Runner_C' with ClassGeneratedBy '/Game/Runner/Maps/Runner.Runner:PersistentLevel.Runner'
[2019.06.05-13.39.53:326][830]BlueprintLog: New page: Pre-Play auto-recompile
[2019.06.05-13.39.53:329][830]LogPlayLevel: [PlayLevel] Compiling GameOverScreen before play...
[2019.06.05-13.39.53:518][830]LogPlayLevel: [PlayLevel] Compiling RunnerHUD before play...
[2019.06.05-13.39.53:752][830]LogUObjectHash: Compacting FUObjectHashTables data took   4.73ms
[2019.06.05-13.39.53:753][830]LogPlayLevel: PlayLevel: Blueprint regeneration took 426 ms (2 blueprints)
[2019.06.05-13.39.53:753][830]PIE: New page: PIE session: Runner (5 cze 2019, 17:39:53)
[2019.06.05-13.39.53:753][830]LogPlayLevel: Creating play world package: /Game/Runner/Maps/UEDPIE_0_Runner
[2019.06.05-13.39.53:756][830]LogPlayLevel: PIE: StaticDuplicateObject took: (0.003767s)
[2019.06.05-13.39.53:756][830]LogAIModule: Creating AISystem for world Runner
[2019.06.05-13.39.53:756][830]LogPlayLevel: PIE: World Init took: (0.000587s)
[2019.06.05-13.39.53:757][830]LogPlayLevel: PIE: Created PIE world by copying editor world from /Game/Runner/Maps/Runner.Runner to /Game/Runner/Maps/UEDPIE_0_Runner.Runner (0.004677s)
[2019.06.05-13.39.53:798][830]LogUObjectHash: Compacting FUObjectHashTables data took   2.30ms
[2019.06.05-13.39.53:810][830]LogInit: XAudio2 using '4 - LG IPS FULLHD (AMD High Definition Audio Device)' : 2 channels at 48 kHz using 16 bits per sample (channel mask 0x3)
[2019.06.05-13.39.53:828][830]LogInit: FAudioDevice initialized.
[2019.06.05-13.39.53:858][830]LogLoad: Game class is 'ThirdPersonGameMode_C'
[2019.06.05-13.39.53:859][830]LogWorld: Bringing World /Game/Runner/Maps/UEDPIE_0_Runner.Runner up for play (max tick rate 0) at 2019.06.05-15.39.53
[2019.06.05-13.39.53:859][830]LogWorld: Bringing up level for play took: 0.000908
[2019.06.05-13.39.53:883][830]PIE: Play in editor start time for /Game/Runner/Maps/UEDPIE_0_Runner 1,296
[2019.06.05-13.39.53:883][830]LogBlueprintUserMessages: Late PlayInEditor Detection: Level '/Game/Runner/Maps/Runner.Runner:PersistentLevel' has LevelScriptBlueprint '/Game/Runner/Maps/Runner.Runner:PersistentLevel.Runner' with GeneratedClass '/Game/Runner/Maps/Runner.Runner_C' with ClassGeneratedBy '/Game/Runner/Maps/Runner.Runner:PersistentLevel.Runner'
[2019.06.05-13.39.53:915][831]LogCharacterMovement: Warning: GetSimulationTimeStep() - Max iterations 8 hit while remaining time 0.067171 > MaxSimulationTimeStep (0.050) for 'ThirdPersonCharacter_C_0', movement 'Walking'
[2019.06.05-13.40.26:343][749]Cmd: LevelEditor.ToggleImmersive
[2019.06.05-13.40.26:485][750]LogRenderer: Reallocating scene render targets to support 1636x812 Format 10 NumSamples 1 (Frame:2921).
[2019.06.05-13.40.26:546][751]LogRenderer: Reallocating scene render targets to support 1920x1080 Format 10 NumSamples 1 (Frame:2923).
[2019.06.05-13.40.26:548][751]LogSlate: FSceneViewport::OnFocusLost() reason 2
[2019.06.05-13.40.30:151][  3]Cmd: LevelEditor.ToggleImmersive
[2019.06.05-13.40.30:410][  8]LogSlate: FSceneViewport::OnFocusLost() reason 2
[2019.06.05-13.40.32:807][214]LogBlueprintUserMessages: Early EndPlayMap Detection: Level '/Game/Runner/Maps/Runner.Runner:PersistentLevel' has LevelScriptBlueprint '/Game/Runner/Maps/Runner.Runner:PersistentLevel.Runner' with GeneratedClass '/Game/Runner/Maps/Runner.Runner_C' with ClassGeneratedBy '/Game/Runner/Maps/Runner.Runner:PersistentLevel.Runner'
[2019.06.05-13.40.32:807][214]LogSlate: Updating window title bar state: overlay mode, drag disabled, window buttons hidden, title bar hidden
[2019.06.05-13.40.32:850][214]LogPlayLevel: Display: Shutting down PIE online subsystems
[2019.06.05-13.40.32:851][214]LogBlueprintUserMessages: Late EndPlayMap Detection: Level '/Game/Runner/Maps/Runner.Runner:PersistentLevel' has LevelScriptBlueprint '/Game/Runner/Maps/Runner.Runner:PersistentLevel.Runner' with GeneratedClass '/Game/Runner/Maps/Runner.Runner_C' with ClassGeneratedBy '/Game/Runner/Maps/Runner.Runner:PersistentLevel.Runner'
[2019.06.05-13.40.32:910][214]LogSlate: Updating window title bar state: overlay mode, drag disabled, window buttons hidden, title bar hidden
[2019.06.05-13.40.32:966][214]LogUObjectHash: Compacting FUObjectHashTables data took   2.92ms
[2019.06.05-13.40.32:984][215]LogPlayLevel: Display: Destroying online subsystem :Context_12
[2019.06.05-13.40.34:201][341]LogSlate: FSceneViewport::OnFocusLost() reason 0
[2019.06.05-13.40.35:212][452]LogSlate: FSceneViewport::OnFocusLost() reason 0
[2019.06.05-13.40.35:312][463]LogTemp: Repeating last play command: Selected Viewport
[2019.06.05-13.40.35:333][463]LogBlueprintUserMessages: Early PlayInEditor Detection: Level '/Game/Runner/Maps/Runner.Runner:PersistentLevel' has LevelScriptBlueprint '/Game/Runner/Maps/Runner.Runner:PersistentLevel.Runner' with GeneratedClass '/Game/Runner/Maps/Runner.Runner_C' with ClassGeneratedBy '/Game/Runner/Maps/Runner.Runner:PersistentLevel.Runner'
[2019.06.05-13.40.35:333][463]LogPlayLevel: PlayLevel: No blueprints needed recompiling
[2019.06.05-13.40.35:333][463]PIE: New page: PIE session: Runner (5 cze 2019, 17:40:35)
[2019.06.05-13.40.35:333][463]LogPlayLevel: Creating play world package: /Game/Runner/Maps/UEDPIE_0_Runner
[2019.06.05-13.40.35:337][463]LogPlayLevel: PIE: StaticDuplicateObject took: (0.003678s)
[2019.06.05-13.40.35:337][463]LogAIModule: Creating AISystem for world Runner
[2019.06.05-13.40.35:338][463]LogPlayLevel: PIE: World Init took: (0.000690s)
[2019.06.05-13.40.35:338][463]LogPlayLevel: PIE: Created PIE world by copying editor world from /Game/Runner/Maps/Runner.Runner to /Game/Runner/Maps/UEDPIE_0_Runner.Runner (0.004565s)
[2019.06.05-13.40.35:382][463]LogUObjectHash: Compacting FUObjectHashTables data took   2.89ms
[2019.06.05-13.40.35:394][463]LogInit: XAudio2 using '4 - LG IPS FULLHD (AMD High Definition Audio Device)' : 2 channels at 48 kHz using 16 bits per sample (channel mask 0x3)
[2019.06.05-13.40.35:410][463]LogInit: FAudioDevice initialized.
[2019.06.05-13.40.35:439][463]LogLoad: Game class is 'ThirdPersonGameMode_C'
[2019.06.05-13.40.35:440][463]LogWorld: Bringing World /Game/Runner/Maps/UEDPIE_0_Runner.Runner up for play (max tick rate 0) at 2019.06.05-15.40.35
[2019.06.05-13.40.35:440][463]LogWorld: Bringing up level for play took: 0.000831
[2019.06.05-13.40.35:460][463]PIE: Play in editor start time for /Game/Runner/Maps/UEDPIE_0_Runner 0,873
[2019.06.05-13.40.35:460][463]LogBlueprintUserMessages: Late PlayInEditor Detection: Level '/Game/Runner/Maps/Runner.Runner:PersistentLevel' has LevelScriptBlueprint '/Game/Runner/Maps/Runner.Runner:PersistentLevel.Runner' with GeneratedClass '/Game/Runner/Maps/Runner.Runner_C' with ClassGeneratedBy '/Game/Runner/Maps/Runner.Runner:PersistentLevel.Runner'
[2019.06.05-13.40.36:789][615]Cmd: LevelEditor.ToggleImmersive
[2019.06.05-13.40.36:989][620]LogSlate: FSceneViewport::OnFocusLost() reason 2
[2019.06.05-13.41.38:761][620]LogNet: Browse: /Game/Runner/Maps/MainMenu
[2019.06.05-13.41.38:771][620]LogLoad: LoadMap: /Game/Runner/Maps/MainMenu
[2019.06.05-13.41.38:902][620]LogUObjectHash: Compacting FUObjectHashTables data took   3.59ms
[2019.06.05-13.41.38:910][620]LogAIModule: Creating AISystem for world MainMenu
[2019.06.05-13.41.38:910][620]LogLoad: Game class is 'MainMenuMode_C'
[2019.06.05-13.41.38:911][620]LogWorld: Bringing World /Game/Runner/Maps/UEDPIE_0_MainMenu.MainMenu up for play (max tick rate 0) at 2019.06.05-15.41.38
[2019.06.05-13.41.38:912][620]LogWorld: Bringing up level for play took: 0.000865
[2019.06.05-13.41.38:912][620]LogGameMode: FindPlayerStart: PATHS NOT DEFINED or NO PLAYERSTART with positive rating
[2019.06.05-13.41.38:912][620]LogSpawn: Warning: SpawnActor failed because no class was specified
[2019.06.05-13.41.38:913][620]LogLoad: Took 0.141783 seconds to LoadMap(/Game/Runner/Maps/MainMenu)
[2019.06.05-13.41.40:297][785]LogSlate: Updating window title bar state: overlay mode, drag disabled, window buttons hidden, title bar hidden
[2019.06.05-13.41.40:298][785]LogBlueprintUserMessages: Early EndPlayMap Detection: Level '/Game/Runner/Maps/Runner.Runner:PersistentLevel' has LevelScriptBlueprint '/Game/Runner/Maps/Runner.Runner:PersistentLevel.Runner' with GeneratedClass '/Game/Runner/Maps/Runner.Runner_C' with ClassGeneratedBy '/Game/Runner/Maps/Runner.Runner:PersistentLevel.Runner'
[2019.06.05-13.41.40:354][785]LogPlayLevel: Display: Shutting down PIE online subsystems
[2019.06.05-13.41.40:355][785]LogBlueprintUserMessages: Late EndPlayMap Detection: Level '/Game/Runner/Maps/Runner.Runner:PersistentLevel' has LevelScriptBlueprint '/Game/Runner/Maps/Runner.Runner:PersistentLevel.Runner' with GeneratedClass '/Game/Runner/Maps/Runner.Runner_C' with ClassGeneratedBy '/Game/Runner/Maps/Runner.Runner:PersistentLevel.Runner'
[2019.06.05-13.41.40:405][785]LogSlate: Updating window title bar state: overlay mode, drag disabled, window buttons hidden, title bar hidden
[2019.06.05-13.41.40:410][785]LogUObjectHash: Compacting FUObjectHashTables data took   2.42ms
[2019.06.05-13.41.40:422][786]LogPlayLevel: Display: Destroying online subsystem :Context_13
[2019.06.05-13.41.41:204][851]Cmd: SELECT NONE
[2019.06.05-13.41.42:522][942]LogSlate: FSceneViewport::OnFocusLost() reason 2
[2019.06.05-13.41.44:159][130]LogUObjectHash: Compacting FUObjectHashTables data took   0.94ms
[2019.06.05-13.41.44:164][130]LogSlate: FSceneViewport::OnFocusLost() reason 2
[2019.06.05-13.41.44:246][130]LogSavePackage: Moving 'I:/aaa - pulpit/projekty/Programowanie/C++ gamedev/polygon/Polygon-lato2019-projekt/TempleRunner/Saved/GameOverScreen6CFBD18E4B56CCE4699CABBD188B9361.tmp' to 'I:/aaa - pulpit/projekty/Programowanie/C++ gamedev/polygon/Polygon-lato2019-projekt/TempleRunner/Content/HUD/GameOverScreen.uasset'
[2019.06.05-13.41.44:255][130]Cmd: OBJ SAVEPACKAGE PACKAGE="/Game/HUD/RunnerHUD" FILE="I:/aaa - pulpit/projekty/Programowanie/C++ gamedev/polygon/Polygon-lato2019-projekt/TempleRunner/Content/HUD/RunnerHUD.uasset" SILENT=true
[2019.06.05-13.41.44:316][130]LogSavePackage: Moving 'I:/aaa - pulpit/projekty/Programowanie/C++ gamedev/polygon/Polygon-lato2019-projekt/TempleRunner/Saved/RunnerHUD03F6408845E0EDD53BE9E190A60C9329.tmp' to 'I:/aaa - pulpit/projekty/Programowanie/C++ gamedev/polygon/Polygon-lato2019-projekt/TempleRunner/Content/HUD/RunnerHUD.uasset'
